{"/Users/salemduy/Documents/workspace/tourmega_assignment/assets/images/cancellation.png": {"path":"/Users/salemduy/Documents/workspace/tourmega_assignment/assets/images/cancellation.png","statementMap":{"0":{"start":{"line":1,"column":0},"end":{"line":4,"column":6}}},"fnMap":{},"branchMap":{},"s":{"0":1},"f":{},"b":{},"inputSourceMap":null,"_coverageSchema":"1a1c01bbd47fc00a2c39e90264f33305004495a9","hash":"bdc926de21a7470c3a15a18ab030a641259705c7"}
,"/Users/salemduy/Documents/workspace/tourmega_assignment/assets/images/car.png": {"path":"/Users/salemduy/Documents/workspace/tourmega_assignment/assets/images/car.png","statementMap":{"0":{"start":{"line":1,"column":0},"end":{"line":4,"column":6}}},"fnMap":{},"branchMap":{},"s":{"0":1},"f":{},"b":{},"inputSourceMap":null,"_coverageSchema":"1a1c01bbd47fc00a2c39e90264f33305004495a9","hash":"88762f3a243cba813308b7d73b4b2c6789549675"}
,"/Users/salemduy/Documents/workspace/tourmega_assignment/assets/images/duration.png": {"path":"/Users/salemduy/Documents/workspace/tourmega_assignment/assets/images/duration.png","statementMap":{"0":{"start":{"line":1,"column":0},"end":{"line":4,"column":6}}},"fnMap":{},"branchMap":{},"s":{"0":1},"f":{},"b":{},"inputSourceMap":null,"_coverageSchema":"1a1c01bbd47fc00a2c39e90264f33305004495a9","hash":"d63213fc788d58d88e181aa46cab9ca5654b5d53"}
,"/Users/salemduy/Documents/workspace/tourmega_assignment/assets/images/language.png": {"path":"/Users/salemduy/Documents/workspace/tourmega_assignment/assets/images/language.png","statementMap":{"0":{"start":{"line":1,"column":0},"end":{"line":4,"column":6}}},"fnMap":{},"branchMap":{},"s":{"0":1},"f":{},"b":{},"inputSourceMap":null,"_coverageSchema":"1a1c01bbd47fc00a2c39e90264f33305004495a9","hash":"562c977c39ee2494662a49b044c7054fcbe50548"}
,"/Users/salemduy/Documents/workspace/tourmega_assignment/assets/images/people.png": {"path":"/Users/salemduy/Documents/workspace/tourmega_assignment/assets/images/people.png","statementMap":{"0":{"start":{"line":1,"column":0},"end":{"line":4,"column":6}}},"fnMap":{},"branchMap":{},"s":{"0":1},"f":{},"b":{},"inputSourceMap":null,"_coverageSchema":"1a1c01bbd47fc00a2c39e90264f33305004495a9","hash":"63f88882a6a1e19bf835b1d66aa2d6bc2bad01b3"}
,"/Users/salemduy/Documents/workspace/tourmega_assignment/src/MainScreen.js": {"path":"/Users/salemduy/Documents/workspace/tourmega_assignment/src/MainScreen.js","statementMap":{"0":{"start":{"line":1,"column":13},"end":{"line":1,"column":75}},"1":{"start":{"line":1,"column":75},"end":{"line":1,"column":100}},"2":{"start":{"line":5,"column":13},"end":{"line":5,"column":54}},"3":{"start":{"line":6,"column":19},"end":{"line":6,"column":42}},"4":{"start":{"line":17,"column":33},"end":{"line":17,"column":106}},"5":{"start":{"line":18,"column":28},"end":{"line":18,"column":96}},"6":{"start":{"line":19,"column":28},"end":{"line":19,"column":96}},"7":{"start":{"line":20,"column":27},"end":{"line":20,"column":94}},"8":{"start":{"line":21,"column":23},"end":{"line":21,"column":86}},"9":{"start":{"line":22,"column":20},"end":{"line":22,"column":76}},"10":{"start":{"line":23,"column":29},"end":{"line":23,"column":98}},"11":{"start":{"line":24,"column":15},"end":{"line":24,"column":83}},"12":{"start":{"line":25,"column":18},"end":{"line":25,"column":40}},"13":{"start":{"line":26,"column":14},"end":{"line":26,"column":59}},"14":{"start":{"line":27,"column":13},"end":{"line":27,"column":64}},"15":{"start":{"line":28,"column":21},"end":{"line":28,"column":82}},"16":{"start":{"line":29,"column":14},"end":{"line":29,"column":68}},"17":{"start":{"line":30,"column":34},"end":{"line":30,"column":75}},"18":{"start":{"line":30,"column":88},"end":{"line":30,"column":92}},"19":{"start":{"line":30,"column":108},"end":{"line":30,"column":183}},"20":{"start":{"line":30,"column":222},"end":{"line":30,"column":276}},"21":{"start":{"line":30,"column":314},"end":{"line":30,"column":361}},"22":{"start":{"line":30,"column":349},"end":{"line":30,"column":361}},"23":{"start":{"line":30,"column":373},"end":{"line":30,"column":386}},"24":{"start":{"line":30,"column":387},"end":{"line":30,"column":466}},"25":{"start":{"line":30,"column":451},"end":{"line":30,"column":464}},"26":{"start":{"line":30,"column":466},"end":{"line":30,"column":479}},"27":{"start":{"line":30,"column":519},"end":{"line":30,"column":559}},"28":{"start":{"line":30,"column":547},"end":{"line":30,"column":558}},"29":{"start":{"line":30,"column":559},"end":{"line":30,"column":659}},"30":{"start":{"line":30,"column":634},"end":{"line":30,"column":658}},"31":{"start":{"line":30,"column":671},"end":{"line":30,"column":697}},"32":{"start":{"line":30,"column":698},"end":{"line":30,"column":751}},"33":{"start":{"line":30,"column":728},"end":{"line":30,"column":750}},"34":{"start":{"line":30,"column":764},"end":{"line":30,"column":766}},"35":{"start":{"line":30,"column":795},"end":{"line":30,"column":851}},"36":{"start":{"line":30,"column":852},"end":{"line":30,"column":1123}},"37":{"start":{"line":30,"column":874},"end":{"line":30,"column":1122}},"38":{"start":{"line":30,"column":938},"end":{"line":30,"column":1010}},"39":{"start":{"line":30,"column":1011},"end":{"line":30,"column":1121}},"40":{"start":{"line":30,"column":1048},"end":{"line":30,"column":1089}},"41":{"start":{"line":30,"column":1097},"end":{"line":30,"column":1120}},"42":{"start":{"line":30,"column":1123},"end":{"line":30,"column":1144}},"43":{"start":{"line":30,"column":1144},"end":{"line":30,"column":1180}},"44":{"start":{"line":30,"column":1156},"end":{"line":30,"column":1179}},"45":{"start":{"line":30,"column":1180},"end":{"line":30,"column":1194}},"46":{"start":{"line":30,"column":1248},"end":{"line":30,"column":1267}},"47":{"start":{"line":30,"column":1268},"end":{"line":30,"column":1513}},"48":{"start":{"line":30,"column":1317},"end":{"line":30,"column":1353}},"49":{"start":{"line":30,"column":1354},"end":{"line":30,"column":1481}},"50":{"start":{"line":30,"column":1374},"end":{"line":30,"column":1481}},"51":{"start":{"line":30,"column":1415},"end":{"line":30,"column":1478}},"52":{"start":{"line":30,"column":1481},"end":{"line":30,"column":1512}},"53":{"start":{"line":30,"column":1513},"end":{"line":30,"column":1525}},"54":{"start":{"line":30,"column":1558},"end":{"line":30,"column":2029}},"55":{"start":{"line":30,"column":1571},"end":{"line":30,"column":1572}},"56":{"start":{"line":30,"column":1615},"end":{"line":30,"column":1655}},"57":{"start":{"line":30,"column":1656},"end":{"line":30,"column":2028}},"58":{"start":{"line":30,"column":1668},"end":{"line":30,"column":1767}},"59":{"start":{"line":30,"column":1722},"end":{"line":30,"column":1764}},"60":{"start":{"line":30,"column":1774},"end":{"line":30,"column":2028}},"61":{"start":{"line":30,"column":1813},"end":{"line":30,"column":1887}},"62":{"start":{"line":30,"column":1895},"end":{"line":30,"column":2027}},"63":{"start":{"line":30,"column":1943},"end":{"line":30,"column":2024}},"64":{"start":{"line":30,"column":2029},"end":{"line":30,"column":2043}},"65":{"start":{"line":30,"column":2087},"end":{"line":30,"column":2234}},"66":{"start":{"line":30,"column":2104},"end":{"line":30,"column":2208}},"67":{"start":{"line":30,"column":2216},"end":{"line":30,"column":2233}},"68":{"start":{"line":30,"column":2234},"end":{"line":30,"column":2245}},"69":{"start":{"line":32,"column":17},"end":{"line":199,"column":1}},"70":{"start":{"line":36,"column":16},"end":{"line":36,"column":101}},"71":{"start":{"line":36,"column":63},"end":{"line":36,"column":99}},"72":{"start":{"line":37,"column":14},"end":{"line":37,"column":97}},"73":{"start":{"line":37,"column":61},"end":{"line":37,"column":95}},"74":{"start":{"line":38,"column":13},"end":{"line":38,"column":95}},"75":{"start":{"line":38,"column":60},"end":{"line":38,"column":93}},"76":{"start":{"line":40,"column":17},"end":{"line":40,"column":47}},"77":{"start":{"line":41,"column":15},"end":{"line":41,"column":21}},"78":{"start":{"line":44,"column":2},"end":{"line":46,"column":9}},"79":{"start":{"line":45,"column":4},"end":{"line":45,"column":20}},"80":{"start":{"line":48,"column":22},"end":{"line":50,"column":3}},"81":{"start":{"line":49,"column":4},"end":{"line":49,"column":44}},"82":{"start":{"line":59,"column":2},"end":{"line":196,"column":3}},"83":{"start":{"line":60,"column":4},"end":{"line":65,"column":123}},"84":{"start":{"line":69,"column":9},"end":{"line":196,"column":3}},"85":{"start":{"line":70,"column":4},"end":{"line":75,"column":185}},"86":{"start":{"line":79,"column":19},"end":{"line":79,"column":21}},"87":{"start":{"line":80,"column":4},"end":{"line":82,"column":5}},"88":{"start":{"line":81,"column":6},"end":{"line":81,"column":40}},"89":{"start":{"line":83,"column":4},"end":{"line":193,"column":164}},"90":{"start":{"line":198,"column":2},"end":{"line":198,"column":17}},"91":{"start":{"line":201,"column":13},"end":{"line":235,"column":16}},"92":{"start":{"line":239,"column":0},"end":{"line":239,"column":10}},"93":{"start":{"line":239,"column":11},"end":{"line":239,"column":38}}},"fnMap":{"0":{"name":"_interopRequireDefault","decl":{"start":{"line":30,"column":193},"end":{"line":30,"column":215}},"loc":{"start":{"line":30,"column":221},"end":{"line":30,"column":277}},"line":30},"1":{"name":"_getRequireWildcardCache","decl":{"start":{"line":30,"column":286},"end":{"line":30,"column":310}},"loc":{"start":{"line":30,"column":313},"end":{"line":30,"column":480}},"line":30},"2":{"name":"_getRequireWildcardCache","decl":{"start":{"line":30,"column":423},"end":{"line":30,"column":447}},"loc":{"start":{"line":30,"column":450},"end":{"line":30,"column":465}},"line":30},"3":{"name":"_interopRequireWildcard","decl":{"start":{"line":30,"column":489},"end":{"line":30,"column":512}},"loc":{"start":{"line":30,"column":518},"end":{"line":30,"column":1195}},"line":30},"4":{"name":"ownKeys","decl":{"start":{"line":30,"column":1204},"end":{"line":30,"column":1211}},"loc":{"start":{"line":30,"column":1236},"end":{"line":30,"column":1526}},"line":30},"5":{"name":"(anonymous_5)","decl":{"start":{"line":30,"column":1399},"end":{"line":30,"column":1400}},"loc":{"start":{"line":30,"column":1414},"end":{"line":30,"column":1479}},"line":30},"6":{"name":"_objectSpread","decl":{"start":{"line":30,"column":1535},"end":{"line":30,"column":1548}},"loc":{"start":{"line":30,"column":1557},"end":{"line":30,"column":2044}},"line":30},"7":{"name":"(anonymous_7)","decl":{"start":{"line":30,"column":1706},"end":{"line":30,"column":1707}},"loc":{"start":{"line":30,"column":1721},"end":{"line":30,"column":1765}},"line":30},"8":{"name":"(anonymous_8)","decl":{"start":{"line":30,"column":1927},"end":{"line":30,"column":1928}},"loc":{"start":{"line":30,"column":1942},"end":{"line":30,"column":2025}},"line":30},"9":{"name":"_defineProperty","decl":{"start":{"line":30,"column":2053},"end":{"line":30,"column":2068}},"loc":{"start":{"line":30,"column":2086},"end":{"line":30,"column":2246}},"line":30},"10":{"name":"MainScreen","decl":{"start":{"line":32,"column":26},"end":{"line":32,"column":36}},"loc":{"start":{"line":32,"column":39},"end":{"line":199,"column":1}},"line":32},"11":{"name":"(anonymous_11)","decl":{"start":{"line":36,"column":45},"end":{"line":36,"column":46}},"loc":{"start":{"line":36,"column":62},"end":{"line":36,"column":100}},"line":36},"12":{"name":"(anonymous_12)","decl":{"start":{"line":37,"column":43},"end":{"line":37,"column":44}},"loc":{"start":{"line":37,"column":60},"end":{"line":37,"column":96}},"line":37},"13":{"name":"(anonymous_13)","decl":{"start":{"line":38,"column":42},"end":{"line":38,"column":43}},"loc":{"start":{"line":38,"column":59},"end":{"line":38,"column":94}},"line":38},"14":{"name":"(anonymous_14)","decl":{"start":{"line":44,"column":24},"end":{"line":44,"column":25}},"loc":{"start":{"line":44,"column":36},"end":{"line":46,"column":3}},"line":44},"15":{"name":"getTourDetail","decl":{"start":{"line":48,"column":31},"end":{"line":48,"column":44}},"loc":{"start":{"line":48,"column":47},"end":{"line":50,"column":3}},"line":48}},"branchMap":{"0":{"loc":{"start":{"line":30,"column":229},"end":{"line":30,"column":275}},"type":"cond-expr","locations":[{"start":{"line":30,"column":253},"end":{"line":30,"column":256}},{"start":{"line":30,"column":259},"end":{"line":30,"column":275}}],"line":30},"1":{"loc":{"start":{"line":30,"column":229},"end":{"line":30,"column":250}},"type":"binary-expr","locations":[{"start":{"line":30,"column":229},"end":{"line":30,"column":232}},{"start":{"line":30,"column":236},"end":{"line":30,"column":250}}],"line":30},"2":{"loc":{"start":{"line":30,"column":314},"end":{"line":30,"column":361}},"type":"if","locations":[{"start":{"line":30,"column":314},"end":{"line":30,"column":361}},{"start":{"line":30,"column":314},"end":{"line":30,"column":361}}],"line":30},"3":{"loc":{"start":{"line":30,"column":519},"end":{"line":30,"column":559}},"type":"if","locations":[{"start":{"line":30,"column":519},"end":{"line":30,"column":559}},{"start":{"line":30,"column":519},"end":{"line":30,"column":559}}],"line":30},"4":{"loc":{"start":{"line":30,"column":523},"end":{"line":30,"column":544}},"type":"binary-expr","locations":[{"start":{"line":30,"column":523},"end":{"line":30,"column":526}},{"start":{"line":30,"column":530},"end":{"line":30,"column":544}}],"line":30},"5":{"loc":{"start":{"line":30,"column":559},"end":{"line":30,"column":659}},"type":"if","locations":[{"start":{"line":30,"column":559},"end":{"line":30,"column":659}},{"start":{"line":30,"column":559},"end":{"line":30,"column":659}}],"line":30},"6":{"loc":{"start":{"line":30,"column":563},"end":{"line":30,"column":631}},"type":"binary-expr","locations":[{"start":{"line":30,"column":563},"end":{"line":30,"column":575}},{"start":{"line":30,"column":579},"end":{"line":30,"column":602}},{"start":{"line":30,"column":606},"end":{"line":30,"column":631}}],"line":30},"7":{"loc":{"start":{"line":30,"column":698},"end":{"line":30,"column":751}},"type":"if","locations":[{"start":{"line":30,"column":698},"end":{"line":30,"column":751}},{"start":{"line":30,"column":698},"end":{"line":30,"column":751}}],"line":30},"8":{"loc":{"start":{"line":30,"column":702},"end":{"line":30,"column":725}},"type":"binary-expr","locations":[{"start":{"line":30,"column":702},"end":{"line":30,"column":707}},{"start":{"line":30,"column":711},"end":{"line":30,"column":725}}],"line":30},"9":{"loc":{"start":{"line":30,"column":795},"end":{"line":30,"column":851}},"type":"binary-expr","locations":[{"start":{"line":30,"column":795},"end":{"line":30,"column":816}},{"start":{"line":30,"column":820},"end":{"line":30,"column":851}}],"line":30},"10":{"loc":{"start":{"line":30,"column":874},"end":{"line":30,"column":1122}},"type":"if","locations":[{"start":{"line":30,"column":874},"end":{"line":30,"column":1122}},{"start":{"line":30,"column":874},"end":{"line":30,"column":1122}}],"line":30},"11":{"loc":{"start":{"line":30,"column":938},"end":{"line":30,"column":1010}},"type":"cond-expr","locations":[{"start":{"line":30,"column":962},"end":{"line":30,"column":1003}},{"start":{"line":30,"column":1006},"end":{"line":30,"column":1010}}],"line":30},"12":{"loc":{"start":{"line":30,"column":1011},"end":{"line":30,"column":1121}},"type":"if","locations":[{"start":{"line":30,"column":1011},"end":{"line":30,"column":1121}},{"start":{"line":30,"column":1011},"end":{"line":30,"column":1121}}],"line":30},"13":{"loc":{"start":{"line":30,"column":1015},"end":{"line":30,"column":1045}},"type":"binary-expr","locations":[{"start":{"line":30,"column":1015},"end":{"line":30,"column":1019}},{"start":{"line":30,"column":1024},"end":{"line":30,"column":1032}},{"start":{"line":30,"column":1036},"end":{"line":30,"column":1044}}],"line":30},"14":{"loc":{"start":{"line":30,"column":1144},"end":{"line":30,"column":1180}},"type":"if","locations":[{"start":{"line":30,"column":1144},"end":{"line":30,"column":1180}},{"start":{"line":30,"column":1144},"end":{"line":30,"column":1180}}],"line":30},"15":{"loc":{"start":{"line":30,"column":1268},"end":{"line":30,"column":1513}},"type":"if","locations":[{"start":{"line":30,"column":1268},"end":{"line":30,"column":1513}},{"start":{"line":30,"column":1268},"end":{"line":30,"column":1513}}],"line":30},"16":{"loc":{"start":{"line":30,"column":1354},"end":{"line":30,"column":1481}},"type":"if","locations":[{"start":{"line":30,"column":1354},"end":{"line":30,"column":1481}},{"start":{"line":30,"column":1354},"end":{"line":30,"column":1481}}],"line":30},"17":{"loc":{"start":{"line":30,"column":1615},"end":{"line":30,"column":1655}},"type":"cond-expr","locations":[{"start":{"line":30,"column":1638},"end":{"line":30,"column":1650}},{"start":{"line":30,"column":1653},"end":{"line":30,"column":1655}}],"line":30},"18":{"loc":{"start":{"line":30,"column":1656},"end":{"line":30,"column":2028}},"type":"if","locations":[{"start":{"line":30,"column":1656},"end":{"line":30,"column":2028}},{"start":{"line":30,"column":1656},"end":{"line":30,"column":2028}}],"line":30},"19":{"loc":{"start":{"line":30,"column":1774},"end":{"line":30,"column":2028}},"type":"if","locations":[{"start":{"line":30,"column":1774},"end":{"line":30,"column":2028}},{"start":{"line":30,"column":1774},"end":{"line":30,"column":2028}}],"line":30},"20":{"loc":{"start":{"line":30,"column":2087},"end":{"line":30,"column":2234}},"type":"if","locations":[{"start":{"line":30,"column":2087},"end":{"line":30,"column":2234}},{"start":{"line":30,"column":2087},"end":{"line":30,"column":2234}}],"line":30},"21":{"loc":{"start":{"line":36,"column":70},"end":{"line":36,"column":98}},"type":"cond-expr","locations":[{"start":{"line":36,"column":78},"end":{"line":36,"column":91}},{"start":{"line":36,"column":94},"end":{"line":36,"column":98}}],"line":36},"22":{"loc":{"start":{"line":37,"column":68},"end":{"line":37,"column":94}},"type":"cond-expr","locations":[{"start":{"line":37,"column":76},"end":{"line":37,"column":87}},{"start":{"line":37,"column":90},"end":{"line":37,"column":94}}],"line":37},"23":{"loc":{"start":{"line":38,"column":67},"end":{"line":38,"column":92}},"type":"cond-expr","locations":[{"start":{"line":38,"column":75},"end":{"line":38,"column":85}},{"start":{"line":38,"column":88},"end":{"line":38,"column":92}}],"line":38},"24":{"loc":{"start":{"line":59,"column":2},"end":{"line":196,"column":3}},"type":"if","locations":[{"start":{"line":59,"column":2},"end":{"line":196,"column":3}},{"start":{"line":59,"column":2},"end":{"line":196,"column":3}}],"line":59},"25":{"loc":{"start":{"line":69,"column":9},"end":{"line":196,"column":3}},"type":"if","locations":[{"start":{"line":69,"column":9},"end":{"line":196,"column":3}},{"start":{"line":69,"column":9},"end":{"line":196,"column":3}}],"line":69},"26":{"loc":{"start":{"line":80,"column":4},"end":{"line":82,"column":5}},"type":"if","locations":[{"start":{"line":80,"column":4},"end":{"line":82,"column":5}},{"start":{"line":80,"column":4},"end":{"line":82,"column":5}}],"line":80},"27":{"loc":{"start":{"line":87,"column":4},"end":{"line":89,"column":8}},"type":"cond-expr","locations":[{"start":{"line":88,"column":4},"end":{"line":88,"column":193}},{"start":{"line":89,"column":4},"end":{"line":89,"column":8}}],"line":87},"28":{"loc":{"start":{"line":87,"column":4},"end":{"line":87,"column":41}},"type":"binary-expr","locations":[{"start":{"line":87,"column":4},"end":{"line":87,"column":15}},{"start":{"line":87,"column":19},"end":{"line":87,"column":41}}],"line":87},"29":{"loc":{"start":{"line":151,"column":4},"end":{"line":156,"column":8}},"type":"cond-expr","locations":[{"start":{"line":152,"column":4},"end":{"line":154,"column":149}},{"start":{"line":156,"column":4},"end":{"line":156,"column":8}}],"line":151},"30":{"loc":{"start":{"line":151,"column":4},"end":{"line":151,"column":43}},"type":"binary-expr","locations":[{"start":{"line":151,"column":4},"end":{"line":151,"column":16}},{"start":{"line":151,"column":20},"end":{"line":151,"column":43}}],"line":151},"31":{"loc":{"start":{"line":158,"column":4},"end":{"line":166,"column":8}},"type":"cond-expr","locations":[{"start":{"line":160,"column":4},"end":{"line":163,"column":30}},{"start":{"line":166,"column":4},"end":{"line":166,"column":8}}],"line":158},"32":{"loc":{"start":{"line":158,"column":4},"end":{"line":159,"column":39}},"type":"binary-expr","locations":[{"start":{"line":158,"column":4},"end":{"line":158,"column":28}},{"start":{"line":159,"column":4},"end":{"line":159,"column":39}}],"line":158},"33":{"loc":{"start":{"line":170,"column":4},"end":{"line":187,"column":8}},"type":"cond-expr","locations":[{"start":{"line":172,"column":4},"end":{"line":185,"column":149}},{"start":{"line":187,"column":4},"end":{"line":187,"column":8}}],"line":170},"34":{"loc":{"start":{"line":170,"column":4},"end":{"line":171,"column":39}},"type":"binary-expr","locations":[{"start":{"line":170,"column":4},"end":{"line":170,"column":28}},{"start":{"line":171,"column":4},"end":{"line":171,"column":39}}],"line":170}},"s":{"0":1,"1":1,"2":1,"3":1,"4":1,"5":1,"6":1,"7":1,"8":1,"9":1,"10":1,"11":1,"12":1,"13":1,"14":1,"15":1,"16":1,"17":1,"18":1,"19":1,"20":10,"21":1,"22":0,"23":1,"24":1,"25":0,"26":1,"27":3,"28":2,"29":1,"30":0,"31":1,"32":1,"33":0,"34":1,"35":1,"36":1,"37":28,"38":28,"39":28,"40":0,"41":28,"42":1,"43":1,"44":1,"45":1,"46":2,"47":2,"48":2,"49":2,"50":2,"51":0,"52":2,"53":2,"54":2,"55":2,"56":3,"57":3,"58":2,"59":3,"60":1,"61":1,"62":0,"63":0,"64":2,"65":3,"66":0,"67":3,"68":3,"69":1,"70":11,"71":88,"72":11,"73":88,"74":11,"75":88,"76":11,"77":11,"78":11,"79":11,"80":11,"81":11,"82":11,"83":11,"84":0,"85":0,"86":0,"87":0,"88":0,"89":0,"90":11,"91":1,"92":1,"93":1},"f":{"0":10,"1":1,"2":0,"3":3,"4":2,"5":0,"6":2,"7":3,"8":0,"9":3,"10":11,"11":88,"12":88,"13":88,"14":11,"15":11},"b":{"0":[10,0],"1":[10,10],"2":[0,1],"3":[2,1],"4":[3,3],"5":[0,1],"6":[1,1,0],"7":[0,1],"8":[1,1],"9":[1,1],"10":[28,0],"11":[28,0],"12":[0,28],"13":[28,28,28],"14":[1,0],"15":[2,0],"16":[2,0],"17":[3,0],"18":[2,1],"19":[1,0],"20":[0,3],"21":[88,0],"22":[88,0],"23":[88,0],"24":[11,0],"25":[0,0],"26":[0,0],"27":[0,0],"28":[0,0],"29":[0,0],"30":[0,0],"31":[0,0],"32":[0,0],"33":[0,0],"34":[0,0]},"inputSourceMap":null,"_coverageSchema":"1a1c01bbd47fc00a2c39e90264f33305004495a9","hash":"b374f9b60f4eca2f52cede45d32d6973bc9e0002"}
,"/Users/salemduy/Documents/workspace/tourmega_assignment/src/actions/actionTypes.js": {"path":"/Users/salemduy/Documents/workspace/tourmega_assignment/src/actions/actionTypes.js","statementMap":{"0":{"start":{"line":1,"column":13},"end":{"line":1,"column":75}},"1":{"start":{"line":1,"column":75},"end":{"line":1,"column":311}},"2":{"start":{"line":1,"column":345},"end":{"line":1,"column":371}},"3":{"start":{"line":1,"column":372},"end":{"line":1,"column":438}},"4":{"start":{"line":2,"column":35},"end":{"line":2,"column":62}},"5":{"start":{"line":2,"column":63},"end":{"line":2,"column":131}},"6":{"start":{"line":3,"column":34},"end":{"line":3,"column":60}},"7":{"start":{"line":3,"column":61},"end":{"line":3,"column":127}},"8":{"start":{"line":4,"column":33},"end":{"line":4,"column":58}},"9":{"start":{"line":4,"column":59},"end":{"line":4,"column":123}},"10":{"start":{"line":6,"column":35},"end":{"line":6,"column":62}},"11":{"start":{"line":6,"column":63},"end":{"line":6,"column":131}},"12":{"start":{"line":7,"column":34},"end":{"line":7,"column":60}},"13":{"start":{"line":7,"column":61},"end":{"line":7,"column":127}}},"fnMap":{},"branchMap":{},"s":{"0":1,"1":1,"2":1,"3":1,"4":1,"5":1,"6":1,"7":1,"8":1,"9":1,"10":1,"11":1,"12":1,"13":1},"f":{},"b":{},"inputSourceMap":null,"_coverageSchema":"1a1c01bbd47fc00a2c39e90264f33305004495a9","hash":"bf22d2e7c0bdeb75d27ce7081874fc885afd5e42"}
,"/Users/salemduy/Documents/workspace/tourmega_assignment/src/actions/index.js": {"path":"/Users/salemduy/Documents/workspace/tourmega_assignment/src/actions/index.js","statementMap":{"0":{"start":{"line":1,"column":13},"end":{"line":1,"column":75}},"1":{"start":{"line":1,"column":75},"end":{"line":1,"column":132}},"2":{"start":{"line":1,"column":142},"end":{"line":1,"column":192}},"3":{"start":{"line":1,"column":230},"end":{"line":1,"column":277}},"4":{"start":{"line":1,"column":265},"end":{"line":1,"column":277}},"5":{"start":{"line":1,"column":289},"end":{"line":1,"column":302}},"6":{"start":{"line":1,"column":303},"end":{"line":1,"column":382}},"7":{"start":{"line":1,"column":367},"end":{"line":1,"column":380}},"8":{"start":{"line":1,"column":382},"end":{"line":1,"column":395}},"9":{"start":{"line":1,"column":435},"end":{"line":1,"column":475}},"10":{"start":{"line":1,"column":463},"end":{"line":1,"column":474}},"11":{"start":{"line":1,"column":475},"end":{"line":1,"column":575}},"12":{"start":{"line":1,"column":550},"end":{"line":1,"column":574}},"13":{"start":{"line":1,"column":587},"end":{"line":1,"column":613}},"14":{"start":{"line":1,"column":614},"end":{"line":1,"column":667}},"15":{"start":{"line":1,"column":644},"end":{"line":1,"column":666}},"16":{"start":{"line":1,"column":680},"end":{"line":1,"column":682}},"17":{"start":{"line":1,"column":711},"end":{"line":1,"column":767}},"18":{"start":{"line":1,"column":768},"end":{"line":1,"column":1039}},"19":{"start":{"line":1,"column":790},"end":{"line":1,"column":1038}},"20":{"start":{"line":1,"column":854},"end":{"line":1,"column":926}},"21":{"start":{"line":1,"column":927},"end":{"line":1,"column":1037}},"22":{"start":{"line":1,"column":964},"end":{"line":1,"column":1005}},"23":{"start":{"line":1,"column":1013},"end":{"line":1,"column":1036}},"24":{"start":{"line":1,"column":1039},"end":{"line":1,"column":1060}},"25":{"start":{"line":1,"column":1060},"end":{"line":1,"column":1096}},"26":{"start":{"line":1,"column":1072},"end":{"line":1,"column":1095}},"27":{"start":{"line":1,"column":1096},"end":{"line":1,"column":1110}},"28":{"start":{"line":3,"column":20},"end":{"line":5,"column":1}},"29":{"start":{"line":4,"column":2},"end":{"line":4,"column":35}},"30":{"start":{"line":5,"column":2},"end":{"line":5,"column":40}},"31":{"start":{"line":7,"column":22},"end":{"line":9,"column":1}},"32":{"start":{"line":8,"column":2},"end":{"line":8,"column":31}},"33":{"start":{"line":9,"column":2},"end":{"line":9,"column":44}}},"fnMap":{"0":{"name":"_getRequireWildcardCache","decl":{"start":{"line":1,"column":202},"end":{"line":1,"column":226}},"loc":{"start":{"line":1,"column":229},"end":{"line":1,"column":396}},"line":1},"1":{"name":"_getRequireWildcardCache","decl":{"start":{"line":1,"column":339},"end":{"line":1,"column":363}},"loc":{"start":{"line":1,"column":366},"end":{"line":1,"column":381}},"line":1},"2":{"name":"_interopRequireWildcard","decl":{"start":{"line":1,"column":405},"end":{"line":1,"column":428}},"loc":{"start":{"line":1,"column":434},"end":{"line":1,"column":1111}},"line":1},"3":{"name":"getTourDetail","decl":{"start":{"line":3,"column":29},"end":{"line":3,"column":42}},"loc":{"start":{"line":3,"column":51},"end":{"line":5,"column":1}},"line":3},"4":{"name":"getRelatedTours","decl":{"start":{"line":7,"column":31},"end":{"line":7,"column":46}},"loc":{"start":{"line":7,"column":49},"end":{"line":9,"column":1}},"line":7}},"branchMap":{"0":{"loc":{"start":{"line":1,"column":230},"end":{"line":1,"column":277}},"type":"if","locations":[{"start":{"line":1,"column":230},"end":{"line":1,"column":277}},{"start":{"line":1,"column":230},"end":{"line":1,"column":277}}],"line":1},"1":{"loc":{"start":{"line":1,"column":435},"end":{"line":1,"column":475}},"type":"if","locations":[{"start":{"line":1,"column":435},"end":{"line":1,"column":475}},{"start":{"line":1,"column":435},"end":{"line":1,"column":475}}],"line":1},"2":{"loc":{"start":{"line":1,"column":439},"end":{"line":1,"column":460}},"type":"binary-expr","locations":[{"start":{"line":1,"column":439},"end":{"line":1,"column":442}},{"start":{"line":1,"column":446},"end":{"line":1,"column":460}}],"line":1},"3":{"loc":{"start":{"line":1,"column":475},"end":{"line":1,"column":575}},"type":"if","locations":[{"start":{"line":1,"column":475},"end":{"line":1,"column":575}},{"start":{"line":1,"column":475},"end":{"line":1,"column":575}}],"line":1},"4":{"loc":{"start":{"line":1,"column":479},"end":{"line":1,"column":547}},"type":"binary-expr","locations":[{"start":{"line":1,"column":479},"end":{"line":1,"column":491}},{"start":{"line":1,"column":495},"end":{"line":1,"column":518}},{"start":{"line":1,"column":522},"end":{"line":1,"column":547}}],"line":1},"5":{"loc":{"start":{"line":1,"column":614},"end":{"line":1,"column":667}},"type":"if","locations":[{"start":{"line":1,"column":614},"end":{"line":1,"column":667}},{"start":{"line":1,"column":614},"end":{"line":1,"column":667}}],"line":1},"6":{"loc":{"start":{"line":1,"column":618},"end":{"line":1,"column":641}},"type":"binary-expr","locations":[{"start":{"line":1,"column":618},"end":{"line":1,"column":623}},{"start":{"line":1,"column":627},"end":{"line":1,"column":641}}],"line":1},"7":{"loc":{"start":{"line":1,"column":711},"end":{"line":1,"column":767}},"type":"binary-expr","locations":[{"start":{"line":1,"column":711},"end":{"line":1,"column":732}},{"start":{"line":1,"column":736},"end":{"line":1,"column":767}}],"line":1},"8":{"loc":{"start":{"line":1,"column":790},"end":{"line":1,"column":1038}},"type":"if","locations":[{"start":{"line":1,"column":790},"end":{"line":1,"column":1038}},{"start":{"line":1,"column":790},"end":{"line":1,"column":1038}}],"line":1},"9":{"loc":{"start":{"line":1,"column":854},"end":{"line":1,"column":926}},"type":"cond-expr","locations":[{"start":{"line":1,"column":878},"end":{"line":1,"column":919}},{"start":{"line":1,"column":922},"end":{"line":1,"column":926}}],"line":1},"10":{"loc":{"start":{"line":1,"column":927},"end":{"line":1,"column":1037}},"type":"if","locations":[{"start":{"line":1,"column":927},"end":{"line":1,"column":1037}},{"start":{"line":1,"column":927},"end":{"line":1,"column":1037}}],"line":1},"11":{"loc":{"start":{"line":1,"column":931},"end":{"line":1,"column":961}},"type":"binary-expr","locations":[{"start":{"line":1,"column":931},"end":{"line":1,"column":935}},{"start":{"line":1,"column":940},"end":{"line":1,"column":948}},{"start":{"line":1,"column":952},"end":{"line":1,"column":960}}],"line":1},"12":{"loc":{"start":{"line":1,"column":1060},"end":{"line":1,"column":1096}},"type":"if","locations":[{"start":{"line":1,"column":1060},"end":{"line":1,"column":1096}},{"start":{"line":1,"column":1060},"end":{"line":1,"column":1096}}],"line":1}},"s":{"0":1,"1":1,"2":1,"3":0,"4":0,"5":0,"6":0,"7":0,"8":0,"9":1,"10":1,"11":0,"12":0,"13":0,"14":0,"15":0,"16":0,"17":0,"18":0,"19":0,"20":0,"21":0,"22":0,"23":0,"24":0,"25":0,"26":0,"27":0,"28":1,"29":11,"30":1,"31":1,"32":0,"33":1},"f":{"0":0,"1":0,"2":1,"3":11,"4":0},"b":{"0":[0,0],"1":[1,0],"2":[1,1],"3":[0,0],"4":[0,0,0],"5":[0,0],"6":[0,0],"7":[0,0],"8":[0,0],"9":[0,0],"10":[0,0],"11":[0,0,0],"12":[0,0]},"inputSourceMap":null,"_coverageSchema":"1a1c01bbd47fc00a2c39e90264f33305004495a9","hash":"9c4f930f470e28c50a69746b53ea22a32bb506b8"}
,"/Users/salemduy/Documents/workspace/tourmega_assignment/src/actions/tourDetail.actions.js": {"path":"/Users/salemduy/Documents/workspace/tourmega_assignment/src/actions/tourDetail.actions.js","statementMap":{"0":{"start":{"line":1,"column":13},"end":{"line":1,"column":75}},"1":{"start":{"line":1,"column":75},"end":{"line":1,"column":268}},"2":{"start":{"line":1,"column":280},"end":{"line":1,"column":329}},"3":{"start":{"line":1,"column":367},"end":{"line":1,"column":414}},"4":{"start":{"line":1,"column":402},"end":{"line":1,"column":414}},"5":{"start":{"line":1,"column":426},"end":{"line":1,"column":439}},"6":{"start":{"line":1,"column":440},"end":{"line":1,"column":519}},"7":{"start":{"line":1,"column":504},"end":{"line":1,"column":517}},"8":{"start":{"line":1,"column":519},"end":{"line":1,"column":532}},"9":{"start":{"line":1,"column":572},"end":{"line":1,"column":612}},"10":{"start":{"line":1,"column":600},"end":{"line":1,"column":611}},"11":{"start":{"line":1,"column":612},"end":{"line":1,"column":712}},"12":{"start":{"line":1,"column":687},"end":{"line":1,"column":711}},"13":{"start":{"line":1,"column":724},"end":{"line":1,"column":750}},"14":{"start":{"line":1,"column":751},"end":{"line":1,"column":804}},"15":{"start":{"line":1,"column":781},"end":{"line":1,"column":803}},"16":{"start":{"line":1,"column":817},"end":{"line":1,"column":819}},"17":{"start":{"line":1,"column":848},"end":{"line":1,"column":904}},"18":{"start":{"line":1,"column":905},"end":{"line":1,"column":1176}},"19":{"start":{"line":1,"column":927},"end":{"line":1,"column":1175}},"20":{"start":{"line":1,"column":991},"end":{"line":1,"column":1063}},"21":{"start":{"line":1,"column":1064},"end":{"line":1,"column":1174}},"22":{"start":{"line":1,"column":1101},"end":{"line":1,"column":1142}},"23":{"start":{"line":1,"column":1150},"end":{"line":1,"column":1173}},"24":{"start":{"line":1,"column":1176},"end":{"line":1,"column":1197}},"25":{"start":{"line":1,"column":1197},"end":{"line":1,"column":1233}},"26":{"start":{"line":1,"column":1209},"end":{"line":1,"column":1232}},"27":{"start":{"line":1,"column":1233},"end":{"line":1,"column":1247}},"28":{"start":{"line":3,"column":27},"end":{"line":4,"column":47}},"29":{"start":{"line":3,"column":60},"end":{"line":4,"column":46}},"30":{"start":{"line":4,"column":48},"end":{"line":4,"column":100}},"31":{"start":{"line":7,"column":28},"end":{"line":8,"column":48}},"32":{"start":{"line":7,"column":62},"end":{"line":8,"column":47}},"33":{"start":{"line":8,"column":49},"end":{"line":8,"column":103}},"34":{"start":{"line":11,"column":27},"end":{"line":14,"column":30}},"35":{"start":{"line":11,"column":68},"end":{"line":14,"column":29}},"36":{"start":{"line":14,"column":31},"end":{"line":14,"column":83}},"37":{"start":{"line":18,"column":25},"end":{"line":21,"column":24}},"38":{"start":{"line":18,"column":61},"end":{"line":21,"column":23}},"39":{"start":{"line":21,"column":25},"end":{"line":21,"column":73}},"40":{"start":{"line":25,"column":28},"end":{"line":28,"column":30}},"41":{"start":{"line":25,"column":70},"end":{"line":28,"column":29}},"42":{"start":{"line":28,"column":31},"end":{"line":28,"column":85}},"43":{"start":{"line":32,"column":27},"end":{"line":35,"column":24}},"44":{"start":{"line":32,"column":65},"end":{"line":35,"column":23}},"45":{"start":{"line":35,"column":25},"end":{"line":35,"column":77}}},"fnMap":{"0":{"name":"_getRequireWildcardCache","decl":{"start":{"line":1,"column":339},"end":{"line":1,"column":363}},"loc":{"start":{"line":1,"column":366},"end":{"line":1,"column":533}},"line":1},"1":{"name":"_getRequireWildcardCache","decl":{"start":{"line":1,"column":476},"end":{"line":1,"column":500}},"loc":{"start":{"line":1,"column":503},"end":{"line":1,"column":518}},"line":1},"2":{"name":"_interopRequireWildcard","decl":{"start":{"line":1,"column":542},"end":{"line":1,"column":565}},"loc":{"start":{"line":1,"column":571},"end":{"line":1,"column":1248}},"line":1},"3":{"name":"getTourDetailStarted","decl":{"start":{"line":3,"column":36},"end":{"line":3,"column":56}},"loc":{"start":{"line":3,"column":59},"end":{"line":4,"column":47}},"line":3},"4":{"name":"getTourDetailFinished","decl":{"start":{"line":7,"column":37},"end":{"line":7,"column":58}},"loc":{"start":{"line":7,"column":61},"end":{"line":8,"column":48}},"line":7},"5":{"name":"getTourDetailSuccess","decl":{"start":{"line":11,"column":36},"end":{"line":11,"column":56}},"loc":{"start":{"line":11,"column":67},"end":{"line":14,"column":30}},"line":11},"6":{"name":"getTourDetailError","decl":{"start":{"line":18,"column":34},"end":{"line":18,"column":52}},"loc":{"start":{"line":18,"column":60},"end":{"line":21,"column":24}},"line":18},"7":{"name":"getRelatedTourSuccess","decl":{"start":{"line":25,"column":37},"end":{"line":25,"column":58}},"loc":{"start":{"line":25,"column":69},"end":{"line":28,"column":30}},"line":25},"8":{"name":"getRelatedTourFailed","decl":{"start":{"line":32,"column":36},"end":{"line":32,"column":56}},"loc":{"start":{"line":32,"column":64},"end":{"line":35,"column":24}},"line":32}},"branchMap":{"0":{"loc":{"start":{"line":1,"column":367},"end":{"line":1,"column":414}},"type":"if","locations":[{"start":{"line":1,"column":367},"end":{"line":1,"column":414}},{"start":{"line":1,"column":367},"end":{"line":1,"column":414}}],"line":1},"1":{"loc":{"start":{"line":1,"column":572},"end":{"line":1,"column":612}},"type":"if","locations":[{"start":{"line":1,"column":572},"end":{"line":1,"column":612}},{"start":{"line":1,"column":572},"end":{"line":1,"column":612}}],"line":1},"2":{"loc":{"start":{"line":1,"column":576},"end":{"line":1,"column":597}},"type":"binary-expr","locations":[{"start":{"line":1,"column":576},"end":{"line":1,"column":579}},{"start":{"line":1,"column":583},"end":{"line":1,"column":597}}],"line":1},"3":{"loc":{"start":{"line":1,"column":612},"end":{"line":1,"column":712}},"type":"if","locations":[{"start":{"line":1,"column":612},"end":{"line":1,"column":712}},{"start":{"line":1,"column":612},"end":{"line":1,"column":712}}],"line":1},"4":{"loc":{"start":{"line":1,"column":616},"end":{"line":1,"column":684}},"type":"binary-expr","locations":[{"start":{"line":1,"column":616},"end":{"line":1,"column":628}},{"start":{"line":1,"column":632},"end":{"line":1,"column":655}},{"start":{"line":1,"column":659},"end":{"line":1,"column":684}}],"line":1},"5":{"loc":{"start":{"line":1,"column":751},"end":{"line":1,"column":804}},"type":"if","locations":[{"start":{"line":1,"column":751},"end":{"line":1,"column":804}},{"start":{"line":1,"column":751},"end":{"line":1,"column":804}}],"line":1},"6":{"loc":{"start":{"line":1,"column":755},"end":{"line":1,"column":778}},"type":"binary-expr","locations":[{"start":{"line":1,"column":755},"end":{"line":1,"column":760}},{"start":{"line":1,"column":764},"end":{"line":1,"column":778}}],"line":1},"7":{"loc":{"start":{"line":1,"column":848},"end":{"line":1,"column":904}},"type":"binary-expr","locations":[{"start":{"line":1,"column":848},"end":{"line":1,"column":869}},{"start":{"line":1,"column":873},"end":{"line":1,"column":904}}],"line":1},"8":{"loc":{"start":{"line":1,"column":927},"end":{"line":1,"column":1175}},"type":"if","locations":[{"start":{"line":1,"column":927},"end":{"line":1,"column":1175}},{"start":{"line":1,"column":927},"end":{"line":1,"column":1175}}],"line":1},"9":{"loc":{"start":{"line":1,"column":991},"end":{"line":1,"column":1063}},"type":"cond-expr","locations":[{"start":{"line":1,"column":1015},"end":{"line":1,"column":1056}},{"start":{"line":1,"column":1059},"end":{"line":1,"column":1063}}],"line":1},"10":{"loc":{"start":{"line":1,"column":1064},"end":{"line":1,"column":1174}},"type":"if","locations":[{"start":{"line":1,"column":1064},"end":{"line":1,"column":1174}},{"start":{"line":1,"column":1064},"end":{"line":1,"column":1174}}],"line":1},"11":{"loc":{"start":{"line":1,"column":1068},"end":{"line":1,"column":1098}},"type":"binary-expr","locations":[{"start":{"line":1,"column":1068},"end":{"line":1,"column":1072}},{"start":{"line":1,"column":1077},"end":{"line":1,"column":1085}},{"start":{"line":1,"column":1089},"end":{"line":1,"column":1097}}],"line":1},"12":{"loc":{"start":{"line":1,"column":1197},"end":{"line":1,"column":1233}},"type":"if","locations":[{"start":{"line":1,"column":1197},"end":{"line":1,"column":1233}},{"start":{"line":1,"column":1197},"end":{"line":1,"column":1233}}],"line":1}},"s":{"0":1,"1":1,"2":1,"3":0,"4":0,"5":0,"6":0,"7":0,"8":0,"9":1,"10":1,"11":0,"12":0,"13":0,"14":0,"15":0,"16":0,"17":0,"18":0,"19":0,"20":0,"21":0,"22":0,"23":0,"24":0,"25":0,"26":0,"27":0,"28":1,"29":11,"30":1,"31":1,"32":0,"33":1,"34":1,"35":0,"36":1,"37":1,"38":0,"39":1,"40":1,"41":0,"42":1,"43":1,"44":0,"45":1},"f":{"0":0,"1":0,"2":1,"3":11,"4":0,"5":0,"6":0,"7":0,"8":0},"b":{"0":[0,0],"1":[1,0],"2":[1,1],"3":[0,0],"4":[0,0,0],"5":[0,0],"6":[0,0],"7":[0,0],"8":[0,0],"9":[0,0],"10":[0,0],"11":[0,0,0],"12":[0,0]},"inputSourceMap":null,"_coverageSchema":"1a1c01bbd47fc00a2c39e90264f33305004495a9","hash":"bb3aeef294d462eb87ea8580b3da75700351c14f"}
,"/Users/salemduy/Documents/workspace/tourmega_assignment/src/components/ActivityOverviewComponent.js": {"path":"/Users/salemduy/Documents/workspace/tourmega_assignment/src/components/ActivityOverviewComponent.js","statementMap":{"0":{"start":{"line":1,"column":13},"end":{"line":1,"column":75}},"1":{"start":{"line":1,"column":75},"end":{"line":1,"column":100}},"2":{"start":{"line":5,"column":13},"end":{"line":5,"column":53}},"3":{"start":{"line":6,"column":19},"end":{"line":6,"column":42}},"4":{"start":{"line":7,"column":14},"end":{"line":7,"column":41}},"5":{"start":{"line":8,"column":20},"end":{"line":8,"column":77}},"6":{"start":{"line":8,"column":90},"end":{"line":8,"column":94}},"7":{"start":{"line":8,"column":110},"end":{"line":8,"column":211}},"8":{"start":{"line":8,"column":250},"end":{"line":8,"column":304}},"9":{"start":{"line":10,"column":23},"end":{"line":77,"column":1}},"10":{"start":{"line":10,"column":67},"end":{"line":10,"column":76}},"11":{"start":{"line":20,"column":21},"end":{"line":32,"column":3}},"12":{"start":{"line":21,"column":4},"end":{"line":28,"column":15}},"13":{"start":{"line":34,"column":2},"end":{"line":74,"column":11}},"14":{"start":{"line":79,"column":13},"end":{"line":106,"column":19}},"15":{"start":{"line":110,"column":0},"end":{"line":110,"column":16}},"16":{"start":{"line":110,"column":17},"end":{"line":110,"column":44}}},"fnMap":{"0":{"name":"_interopRequireDefault","decl":{"start":{"line":8,"column":221},"end":{"line":8,"column":243}},"loc":{"start":{"line":8,"column":249},"end":{"line":8,"column":305}},"line":8},"1":{"name":"ActivityOverview","decl":{"start":{"line":10,"column":32},"end":{"line":10,"column":48}},"loc":{"start":{"line":10,"column":55},"end":{"line":77,"column":1}},"line":10},"2":{"name":"buildItemRow","decl":{"start":{"line":20,"column":30},"end":{"line":20,"column":42}},"loc":{"start":{"line":20,"column":68},"end":{"line":32,"column":3}},"line":20}},"branchMap":{"0":{"loc":{"start":{"line":8,"column":257},"end":{"line":8,"column":303}},"type":"cond-expr","locations":[{"start":{"line":8,"column":281},"end":{"line":8,"column":284}},{"start":{"line":8,"column":287},"end":{"line":8,"column":303}}],"line":8},"1":{"loc":{"start":{"line":8,"column":257},"end":{"line":8,"column":278}},"type":"binary-expr","locations":[{"start":{"line":8,"column":257},"end":{"line":8,"column":260}},{"start":{"line":8,"column":264},"end":{"line":8,"column":278}}],"line":8},"2":{"loc":{"start":{"line":24,"column":15},"end":{"line":24,"column":63}},"type":"cond-expr","locations":[{"start":{"line":24,"column":27},"end":{"line":24,"column":48}},{"start":{"line":24,"column":51},"end":{"line":24,"column":63}}],"line":24},"3":{"loc":{"start":{"line":27,"column":63},"end":{"line":27,"column":115}},"type":"cond-expr","locations":[{"start":{"line":27,"column":75},"end":{"line":27,"column":98}},{"start":{"line":27,"column":101},"end":{"line":27,"column":115}}],"line":27},"4":{"loc":{"start":{"line":37,"column":4},"end":{"line":43,"column":8}},"type":"cond-expr","locations":[{"start":{"line":38,"column":4},"end":{"line":41,"column":9}},{"start":{"line":43,"column":4},"end":{"line":43,"column":8}}],"line":37},"5":{"loc":{"start":{"line":37,"column":4},"end":{"line":37,"column":67}},"type":"binary-expr","locations":[{"start":{"line":37,"column":4},"end":{"line":37,"column":28}},{"start":{"line":37,"column":32},"end":{"line":37,"column":67}}],"line":37},"6":{"loc":{"start":{"line":44,"column":4},"end":{"line":49,"column":8}},"type":"cond-expr","locations":[{"start":{"line":45,"column":4},"end":{"line":47,"column":26}},{"start":{"line":49,"column":4},"end":{"line":49,"column":8}}],"line":44},"7":{"loc":{"start":{"line":44,"column":4},"end":{"line":44,"column":61}},"type":"binary-expr","locations":[{"start":{"line":44,"column":4},"end":{"line":44,"column":25}},{"start":{"line":44,"column":29},"end":{"line":44,"column":61}}],"line":44},"8":{"loc":{"start":{"line":50,"column":4},"end":{"line":56,"column":8}},"type":"cond-expr","locations":[{"start":{"line":52,"column":4},"end":{"line":54,"column":22}},{"start":{"line":56,"column":4},"end":{"line":56,"column":8}}],"line":50},"9":{"loc":{"start":{"line":50,"column":4},"end":{"line":51,"column":51}},"type":"binary-expr","locations":[{"start":{"line":50,"column":4},"end":{"line":50,"column":40}},{"start":{"line":51,"column":4},"end":{"line":51,"column":51}}],"line":50},"10":{"loc":{"start":{"line":57,"column":4},"end":{"line":62,"column":8}},"type":"cond-expr","locations":[{"start":{"line":58,"column":4},"end":{"line":60,"column":34}},{"start":{"line":62,"column":4},"end":{"line":62,"column":8}}],"line":57},"11":{"loc":{"start":{"line":57,"column":4},"end":{"line":57,"column":46}},"type":"binary-expr","locations":[{"start":{"line":57,"column":4},"end":{"line":57,"column":21}},{"start":{"line":57,"column":25},"end":{"line":57,"column":46}}],"line":57},"12":{"loc":{"start":{"line":63,"column":4},"end":{"line":68,"column":8}},"type":"cond-expr","locations":[{"start":{"line":64,"column":4},"end":{"line":66,"column":23}},{"start":{"line":68,"column":4},"end":{"line":68,"column":8}}],"line":63},"13":{"loc":{"start":{"line":63,"column":4},"end":{"line":63,"column":47}},"type":"binary-expr","locations":[{"start":{"line":63,"column":4},"end":{"line":63,"column":18}},{"start":{"line":63,"column":22},"end":{"line":63,"column":47}}],"line":63},"14":{"loc":{"start":{"line":69,"column":4},"end":{"line":74,"column":8}},"type":"cond-expr","locations":[{"start":{"line":70,"column":4},"end":{"line":72,"column":27}},{"start":{"line":74,"column":4},"end":{"line":74,"column":8}}],"line":69},"15":{"loc":{"start":{"line":69,"column":4},"end":{"line":69,"column":67}},"type":"binary-expr","locations":[{"start":{"line":69,"column":4},"end":{"line":69,"column":28}},{"start":{"line":69,"column":32},"end":{"line":69,"column":67}}],"line":69}},"s":{"0":2,"1":2,"2":2,"3":2,"4":2,"5":2,"6":2,"7":2,"8":4,"9":2,"10":1,"11":1,"12":5,"13":1,"14":2,"15":2,"16":2},"f":{"0":4,"1":1,"2":5},"b":{"0":[2,2],"1":[4,4],"2":[1,4],"3":[1,4],"4":[1,0],"5":[1,1],"6":[1,0],"7":[1,1],"8":[1,0],"9":[1,1],"10":[1,0],"11":[1,1],"12":[1,0],"13":[1,1],"14":[0,1],"15":[1,0]},"inputSourceMap":null,"_coverageSchema":"1a1c01bbd47fc00a2c39e90264f33305004495a9","hash":"0f545619c23177714a94c5d42bde7b4796f09860"}
,"/Users/salemduy/Documents/workspace/tourmega_assignment/src/components/AvatarComponent.js": {"path":"/Users/salemduy/Documents/workspace/tourmega_assignment/src/components/AvatarComponent.js","statementMap":{"0":{"start":{"line":1,"column":13},"end":{"line":1,"column":75}},"1":{"start":{"line":1,"column":75},"end":{"line":1,"column":100}},"2":{"start":{"line":4,"column":13},"end":{"line":4,"column":53}},"3":{"start":{"line":5,"column":19},"end":{"line":5,"column":42}},"4":{"start":{"line":6,"column":14},"end":{"line":6,"column":41}},"5":{"start":{"line":6,"column":54},"end":{"line":6,"column":58}},"6":{"start":{"line":6,"column":74},"end":{"line":6,"column":165}},"7":{"start":{"line":6,"column":204},"end":{"line":6,"column":258}},"8":{"start":{"line":15,"column":13},"end":{"line":27,"column":1}},"9":{"start":{"line":15,"column":46},"end":{"line":15,"column":54}},"10":{"start":{"line":15,"column":62},"end":{"line":15,"column":71}},"11":{"start":{"line":16,"column":2},"end":{"line":26,"column":3}},"12":{"start":{"line":17,"column":4},"end":{"line":17,"column":202}},"13":{"start":{"line":19,"column":4},"end":{"line":22,"column":44}},"14":{"start":{"line":29,"column":13},"end":{"line":48,"column":46}},"15":{"start":{"line":52,"column":0},"end":{"line":52,"column":6}},"16":{"start":{"line":52,"column":7},"end":{"line":52,"column":34}}},"fnMap":{"0":{"name":"_interopRequireDefault","decl":{"start":{"line":6,"column":175},"end":{"line":6,"column":197}},"loc":{"start":{"line":6,"column":203},"end":{"line":6,"column":259}},"line":6},"1":{"name":"Avatar","decl":{"start":{"line":15,"column":22},"end":{"line":15,"column":28}},"loc":{"start":{"line":15,"column":35},"end":{"line":27,"column":1}},"line":15}},"branchMap":{"0":{"loc":{"start":{"line":6,"column":211},"end":{"line":6,"column":257}},"type":"cond-expr","locations":[{"start":{"line":6,"column":235},"end":{"line":6,"column":238}},{"start":{"line":6,"column":241},"end":{"line":6,"column":257}}],"line":6},"1":{"loc":{"start":{"line":6,"column":211},"end":{"line":6,"column":232}},"type":"binary-expr","locations":[{"start":{"line":6,"column":211},"end":{"line":6,"column":214}},{"start":{"line":6,"column":218},"end":{"line":6,"column":232}}],"line":6},"2":{"loc":{"start":{"line":16,"column":2},"end":{"line":26,"column":3}},"type":"if","locations":[{"start":{"line":16,"column":2},"end":{"line":26,"column":3}},{"start":{"line":16,"column":2},"end":{"line":26,"column":3}}],"line":16},"3":{"loc":{"start":{"line":16,"column":6},"end":{"line":16,"column":27}},"type":"binary-expr","locations":[{"start":{"line":16,"column":6},"end":{"line":16,"column":9}},{"start":{"line":16,"column":13},"end":{"line":16,"column":27}}],"line":16}},"s":{"0":1,"1":1,"2":1,"3":1,"4":1,"5":1,"6":1,"7":1,"8":1,"9":0,"10":0,"11":0,"12":0,"13":0,"14":1,"15":1,"16":1},"f":{"0":1,"1":0},"b":{"0":[0,1],"1":[1,1],"2":[0,0],"3":[0,0]},"inputSourceMap":null,"_coverageSchema":"1a1c01bbd47fc00a2c39e90264f33305004495a9","hash":"1a2b3e2aae1888b177a245250ef4b02ac27138c2"}
,"/Users/salemduy/Documents/workspace/tourmega_assignment/src/components/DescriptionComponent.js": {"path":"/Users/salemduy/Documents/workspace/tourmega_assignment/src/components/DescriptionComponent.js","statementMap":{"0":{"start":{"line":1,"column":13},"end":{"line":1,"column":75}},"1":{"start":{"line":1,"column":75},"end":{"line":1,"column":100}},"2":{"start":{"line":4,"column":13},"end":{"line":4,"column":54}},"3":{"start":{"line":5,"column":19},"end":{"line":5,"column":42}},"4":{"start":{"line":6,"column":15},"end":{"line":6,"column":83}},"5":{"start":{"line":7,"column":13},"end":{"line":7,"column":65}},"6":{"start":{"line":8,"column":20},"end":{"line":8,"column":77}},"7":{"start":{"line":9,"column":21},"end":{"line":9,"column":71}},"8":{"start":{"line":9,"column":84},"end":{"line":9,"column":88}},"9":{"start":{"line":9,"column":104},"end":{"line":9,"column":200}},"10":{"start":{"line":9,"column":239},"end":{"line":9,"column":293}},"11":{"start":{"line":9,"column":331},"end":{"line":9,"column":378}},"12":{"start":{"line":9,"column":366},"end":{"line":9,"column":378}},"13":{"start":{"line":9,"column":390},"end":{"line":9,"column":403}},"14":{"start":{"line":9,"column":404},"end":{"line":9,"column":483}},"15":{"start":{"line":9,"column":468},"end":{"line":9,"column":481}},"16":{"start":{"line":9,"column":483},"end":{"line":9,"column":496}},"17":{"start":{"line":9,"column":536},"end":{"line":9,"column":576}},"18":{"start":{"line":9,"column":564},"end":{"line":9,"column":575}},"19":{"start":{"line":9,"column":576},"end":{"line":9,"column":676}},"20":{"start":{"line":9,"column":651},"end":{"line":9,"column":675}},"21":{"start":{"line":9,"column":688},"end":{"line":9,"column":714}},"22":{"start":{"line":9,"column":715},"end":{"line":9,"column":768}},"23":{"start":{"line":9,"column":745},"end":{"line":9,"column":767}},"24":{"start":{"line":9,"column":781},"end":{"line":9,"column":783}},"25":{"start":{"line":9,"column":812},"end":{"line":9,"column":868}},"26":{"start":{"line":9,"column":869},"end":{"line":9,"column":1140}},"27":{"start":{"line":9,"column":891},"end":{"line":9,"column":1139}},"28":{"start":{"line":9,"column":955},"end":{"line":9,"column":1027}},"29":{"start":{"line":9,"column":1028},"end":{"line":9,"column":1138}},"30":{"start":{"line":9,"column":1065},"end":{"line":9,"column":1106}},"31":{"start":{"line":9,"column":1114},"end":{"line":9,"column":1137}},"32":{"start":{"line":9,"column":1140},"end":{"line":9,"column":1161}},"33":{"start":{"line":9,"column":1161},"end":{"line":9,"column":1197}},"34":{"start":{"line":9,"column":1173},"end":{"line":9,"column":1196}},"35":{"start":{"line":9,"column":1197},"end":{"line":9,"column":1211}},"36":{"start":{"line":9,"column":1265},"end":{"line":9,"column":1284}},"37":{"start":{"line":9,"column":1285},"end":{"line":9,"column":1530}},"38":{"start":{"line":9,"column":1334},"end":{"line":9,"column":1370}},"39":{"start":{"line":9,"column":1371},"end":{"line":9,"column":1498}},"40":{"start":{"line":9,"column":1391},"end":{"line":9,"column":1498}},"41":{"start":{"line":9,"column":1432},"end":{"line":9,"column":1495}},"42":{"start":{"line":9,"column":1498},"end":{"line":9,"column":1529}},"43":{"start":{"line":9,"column":1530},"end":{"line":9,"column":1542}},"44":{"start":{"line":9,"column":1575},"end":{"line":9,"column":2046}},"45":{"start":{"line":9,"column":1588},"end":{"line":9,"column":1589}},"46":{"start":{"line":9,"column":1632},"end":{"line":9,"column":1672}},"47":{"start":{"line":9,"column":1673},"end":{"line":9,"column":2045}},"48":{"start":{"line":9,"column":1685},"end":{"line":9,"column":1784}},"49":{"start":{"line":9,"column":1739},"end":{"line":9,"column":1781}},"50":{"start":{"line":9,"column":1791},"end":{"line":9,"column":2045}},"51":{"start":{"line":9,"column":1830},"end":{"line":9,"column":1904}},"52":{"start":{"line":9,"column":1912},"end":{"line":9,"column":2044}},"53":{"start":{"line":9,"column":1960},"end":{"line":9,"column":2041}},"54":{"start":{"line":9,"column":2046},"end":{"line":9,"column":2060}},"55":{"start":{"line":9,"column":2104},"end":{"line":9,"column":2251}},"56":{"start":{"line":9,"column":2121},"end":{"line":9,"column":2225}},"57":{"start":{"line":9,"column":2233},"end":{"line":9,"column":2250}},"58":{"start":{"line":9,"column":2251},"end":{"line":9,"column":2262}},"59":{"start":{"line":9,"column":2296},"end":{"line":9,"column":2418}},"60":{"start":{"line":9,"column":2448},"end":{"line":9,"column":2609}},"61":{"start":{"line":9,"column":2659},"end":{"line":9,"column":2674}},"62":{"start":{"line":9,"column":2667},"end":{"line":9,"column":2674}},"63":{"start":{"line":9,"column":2674},"end":{"line":9,"column":2737}},"64":{"start":{"line":9,"column":2701},"end":{"line":9,"column":2737}},"65":{"start":{"line":9,"column":2745},"end":{"line":9,"column":2791}},"66":{"start":{"line":9,"column":2792},"end":{"line":9,"column":2852}},"67":{"start":{"line":9,"column":2829},"end":{"line":9,"column":2852}},"68":{"start":{"line":9,"column":2852},"end":{"line":9,"column":2905}},"69":{"start":{"line":9,"column":2884},"end":{"line":9,"column":2905}},"70":{"start":{"line":9,"column":2905},"end":{"line":9,"column":3018}},"71":{"start":{"line":9,"column":2982},"end":{"line":9,"column":3018}},"72":{"start":{"line":9,"column":3057},"end":{"line":9,"column":3111}},"73":{"start":{"line":9,"column":3094},"end":{"line":9,"column":3111}},"74":{"start":{"line":9,"column":3111},"end":{"line":9,"column":3183}},"75":{"start":{"line":9,"column":3124},"end":{"line":9,"column":3125}},"76":{"start":{"line":9,"column":3134},"end":{"line":9,"column":3148}},"77":{"start":{"line":9,"column":3165},"end":{"line":9,"column":3182}},"78":{"start":{"line":9,"column":3183},"end":{"line":9,"column":3195}},"79":{"start":{"line":9,"column":3236},"end":{"line":9,"column":3315}},"80":{"start":{"line":9,"column":3308},"end":{"line":9,"column":3315}},"81":{"start":{"line":9,"column":3326},"end":{"line":9,"column":3328}},"82":{"start":{"line":9,"column":3338},"end":{"line":9,"column":3342}},"83":{"start":{"line":9,"column":3352},"end":{"line":9,"column":3357}},"84":{"start":{"line":9,"column":3367},"end":{"line":9,"column":3376}},"85":{"start":{"line":9,"column":3377},"end":{"line":9,"column":3650}},"86":{"start":{"line":9,"column":3382},"end":{"line":9,"column":3522}},"87":{"start":{"line":9,"column":3396},"end":{"line":9,"column":3418}},"88":{"start":{"line":9,"column":3467},"end":{"line":9,"column":3487}},"89":{"start":{"line":9,"column":3487},"end":{"line":9,"column":3521}},"90":{"start":{"line":9,"column":3515},"end":{"line":9,"column":3521}},"91":{"start":{"line":9,"column":3537},"end":{"line":9,"column":3547}},"92":{"start":{"line":9,"column":3547},"end":{"line":9,"column":3556}},"93":{"start":{"line":9,"column":3567},"end":{"line":9,"column":3649}},"94":{"start":{"line":9,"column":3572},"end":{"line":9,"column":3620}},"95":{"start":{"line":9,"column":3605},"end":{"line":9,"column":3620}},"96":{"start":{"line":9,"column":3631},"end":{"line":9,"column":3648}},"97":{"start":{"line":9,"column":3639},"end":{"line":9,"column":3648}},"98":{"start":{"line":9,"column":3650},"end":{"line":9,"column":3662}},"99":{"start":{"line":9,"column":3694},"end":{"line":9,"column":3729}},"100":{"start":{"line":9,"column":3718},"end":{"line":9,"column":3729}},"101":{"start":{"line":11,"column":18},"end":{"line":68,"column":1}},"102":{"start":{"line":11,"column":61},"end":{"line":11,"column":74}},"103":{"start":{"line":11,"column":86},"end":{"line":11,"column":99}},"104":{"start":{"line":12,"column":2},"end":{"line":12,"column":26}},"105":{"start":{"line":12,"column":40},"end":{"line":12,"column":68}},"106":{"start":{"line":12,"column":88},"end":{"line":12,"column":101}},"107":{"start":{"line":12,"column":124},"end":{"line":12,"column":137}},"108":{"start":{"line":13,"column":2},"end":{"line":13,"column":26}},"109":{"start":{"line":13,"column":40},"end":{"line":13,"column":69}},"110":{"start":{"line":13,"column":89},"end":{"line":13,"column":102}},"111":{"start":{"line":13,"column":125},"end":{"line":13,"column":138}},"112":{"start":{"line":15,"column":2},"end":{"line":17,"column":9}},"113":{"start":{"line":16,"column":4},"end":{"line":16,"column":45}},"114":{"start":{"line":25,"column":29},"end":{"line":28,"column":3}},"115":{"start":{"line":26,"column":4},"end":{"line":26,"column":51}},"116":{"start":{"line":27,"column":4},"end":{"line":27,"column":51}},"117":{"start":{"line":37,"column":18},"end":{"line":48,"column":3}},"118":{"start":{"line":38,"column":4},"end":{"line":45,"column":176}},"119":{"start":{"line":50,"column":2},"end":{"line":65,"column":9}},"120":{"start":{"line":61,"column":6},"end":{"line":61,"column":38}},"121":{"start":{"line":64,"column":6},"end":{"line":64,"column":39}},"122":{"start":{"line":70,"column":13},"end":{"line":89,"column":21}},"123":{"start":{"line":93,"column":0},"end":{"line":93,"column":11}},"124":{"start":{"line":93,"column":12},"end":{"line":93,"column":39}}},"fnMap":{"0":{"name":"_interopRequireDefault","decl":{"start":{"line":9,"column":210},"end":{"line":9,"column":232}},"loc":{"start":{"line":9,"column":238},"end":{"line":9,"column":294}},"line":9},"1":{"name":"_getRequireWildcardCache","decl":{"start":{"line":9,"column":303},"end":{"line":9,"column":327}},"loc":{"start":{"line":9,"column":330},"end":{"line":9,"column":497}},"line":9},"2":{"name":"_getRequireWildcardCache","decl":{"start":{"line":9,"column":440},"end":{"line":9,"column":464}},"loc":{"start":{"line":9,"column":467},"end":{"line":9,"column":482}},"line":9},"3":{"name":"_interopRequireWildcard","decl":{"start":{"line":9,"column":506},"end":{"line":9,"column":529}},"loc":{"start":{"line":9,"column":535},"end":{"line":9,"column":1212}},"line":9},"4":{"name":"ownKeys","decl":{"start":{"line":9,"column":1221},"end":{"line":9,"column":1228}},"loc":{"start":{"line":9,"column":1253},"end":{"line":9,"column":1543}},"line":9},"5":{"name":"(anonymous_5)","decl":{"start":{"line":9,"column":1416},"end":{"line":9,"column":1417}},"loc":{"start":{"line":9,"column":1431},"end":{"line":9,"column":1496}},"line":9},"6":{"name":"_objectSpread","decl":{"start":{"line":9,"column":1552},"end":{"line":9,"column":1565}},"loc":{"start":{"line":9,"column":1574},"end":{"line":9,"column":2061}},"line":9},"7":{"name":"(anonymous_7)","decl":{"start":{"line":9,"column":1723},"end":{"line":9,"column":1724}},"loc":{"start":{"line":9,"column":1738},"end":{"line":9,"column":1782}},"line":9},"8":{"name":"(anonymous_8)","decl":{"start":{"line":9,"column":1944},"end":{"line":9,"column":1945}},"loc":{"start":{"line":9,"column":1959},"end":{"line":9,"column":2042}},"line":9},"9":{"name":"_defineProperty","decl":{"start":{"line":9,"column":2070},"end":{"line":9,"column":2085}},"loc":{"start":{"line":9,"column":2103},"end":{"line":9,"column":2263}},"line":9},"10":{"name":"_slicedToArray","decl":{"start":{"line":9,"column":2272},"end":{"line":9,"column":2286}},"loc":{"start":{"line":9,"column":2295},"end":{"line":9,"column":2419}},"line":9},"11":{"name":"_nonIterableRest","decl":{"start":{"line":9,"column":2428},"end":{"line":9,"column":2444}},"loc":{"start":{"line":9,"column":2447},"end":{"line":9,"column":2610}},"line":9},"12":{"name":"_unsupportedIterableToArray","decl":{"start":{"line":9,"column":2619},"end":{"line":9,"column":2646}},"loc":{"start":{"line":9,"column":2658},"end":{"line":9,"column":3019}},"line":9},"13":{"name":"_arrayLikeToArray","decl":{"start":{"line":9,"column":3028},"end":{"line":9,"column":3045}},"loc":{"start":{"line":9,"column":3056},"end":{"line":9,"column":3196}},"line":9},"14":{"name":"_iterableToArrayLimit","decl":{"start":{"line":9,"column":3205},"end":{"line":9,"column":3226}},"loc":{"start":{"line":9,"column":3235},"end":{"line":9,"column":3663}},"line":9},"15":{"name":"_arrayWithHoles","decl":{"start":{"line":9,"column":3672},"end":{"line":9,"column":3687}},"loc":{"start":{"line":9,"column":3693},"end":{"line":9,"column":3730}},"line":9},"16":{"name":"Description","decl":{"start":{"line":11,"column":27},"end":{"line":11,"column":38}},"loc":{"start":{"line":11,"column":45},"end":{"line":68,"column":1}},"line":11},"17":{"name":"(anonymous_17)","decl":{"start":{"line":15,"column":24},"end":{"line":15,"column":25}},"loc":{"start":{"line":15,"column":36},"end":{"line":17,"column":3}},"line":15},"18":{"name":"handleIncludeExclude","decl":{"start":{"line":25,"column":38},"end":{"line":25,"column":58}},"loc":{"start":{"line":25,"column":85},"end":{"line":28,"column":3}},"line":25},"19":{"name":"buildItem","decl":{"start":{"line":37,"column":27},"end":{"line":37,"column":36}},"loc":{"start":{"line":37,"column":56},"end":{"line":48,"column":3}},"line":37},"20":{"name":"(anonymous_20)","decl":{"start":{"line":60,"column":25},"end":{"line":60,"column":26}},"loc":{"start":{"line":60,"column":44},"end":{"line":62,"column":5}},"line":60},"21":{"name":"(anonymous_21)","decl":{"start":{"line":63,"column":25},"end":{"line":63,"column":26}},"loc":{"start":{"line":63,"column":44},"end":{"line":65,"column":5}},"line":63}},"branchMap":{"0":{"loc":{"start":{"line":9,"column":246},"end":{"line":9,"column":292}},"type":"cond-expr","locations":[{"start":{"line":9,"column":270},"end":{"line":9,"column":273}},{"start":{"line":9,"column":276},"end":{"line":9,"column":292}}],"line":9},"1":{"loc":{"start":{"line":9,"column":246},"end":{"line":9,"column":267}},"type":"binary-expr","locations":[{"start":{"line":9,"column":246},"end":{"line":9,"column":249}},{"start":{"line":9,"column":253},"end":{"line":9,"column":267}}],"line":9},"2":{"loc":{"start":{"line":9,"column":331},"end":{"line":9,"column":378}},"type":"if","locations":[{"start":{"line":9,"column":331},"end":{"line":9,"column":378}},{"start":{"line":9,"column":331},"end":{"line":9,"column":378}}],"line":9},"3":{"loc":{"start":{"line":9,"column":536},"end":{"line":9,"column":576}},"type":"if","locations":[{"start":{"line":9,"column":536},"end":{"line":9,"column":576}},{"start":{"line":9,"column":536},"end":{"line":9,"column":576}}],"line":9},"4":{"loc":{"start":{"line":9,"column":540},"end":{"line":9,"column":561}},"type":"binary-expr","locations":[{"start":{"line":9,"column":540},"end":{"line":9,"column":543}},{"start":{"line":9,"column":547},"end":{"line":9,"column":561}}],"line":9},"5":{"loc":{"start":{"line":9,"column":576},"end":{"line":9,"column":676}},"type":"if","locations":[{"start":{"line":9,"column":576},"end":{"line":9,"column":676}},{"start":{"line":9,"column":576},"end":{"line":9,"column":676}}],"line":9},"6":{"loc":{"start":{"line":9,"column":580},"end":{"line":9,"column":648}},"type":"binary-expr","locations":[{"start":{"line":9,"column":580},"end":{"line":9,"column":592}},{"start":{"line":9,"column":596},"end":{"line":9,"column":619}},{"start":{"line":9,"column":623},"end":{"line":9,"column":648}}],"line":9},"7":{"loc":{"start":{"line":9,"column":715},"end":{"line":9,"column":768}},"type":"if","locations":[{"start":{"line":9,"column":715},"end":{"line":9,"column":768}},{"start":{"line":9,"column":715},"end":{"line":9,"column":768}}],"line":9},"8":{"loc":{"start":{"line":9,"column":719},"end":{"line":9,"column":742}},"type":"binary-expr","locations":[{"start":{"line":9,"column":719},"end":{"line":9,"column":724}},{"start":{"line":9,"column":728},"end":{"line":9,"column":742}}],"line":9},"9":{"loc":{"start":{"line":9,"column":812},"end":{"line":9,"column":868}},"type":"binary-expr","locations":[{"start":{"line":9,"column":812},"end":{"line":9,"column":833}},{"start":{"line":9,"column":837},"end":{"line":9,"column":868}}],"line":9},"10":{"loc":{"start":{"line":9,"column":891},"end":{"line":9,"column":1139}},"type":"if","locations":[{"start":{"line":9,"column":891},"end":{"line":9,"column":1139}},{"start":{"line":9,"column":891},"end":{"line":9,"column":1139}}],"line":9},"11":{"loc":{"start":{"line":9,"column":955},"end":{"line":9,"column":1027}},"type":"cond-expr","locations":[{"start":{"line":9,"column":979},"end":{"line":9,"column":1020}},{"start":{"line":9,"column":1023},"end":{"line":9,"column":1027}}],"line":9},"12":{"loc":{"start":{"line":9,"column":1028},"end":{"line":9,"column":1138}},"type":"if","locations":[{"start":{"line":9,"column":1028},"end":{"line":9,"column":1138}},{"start":{"line":9,"column":1028},"end":{"line":9,"column":1138}}],"line":9},"13":{"loc":{"start":{"line":9,"column":1032},"end":{"line":9,"column":1062}},"type":"binary-expr","locations":[{"start":{"line":9,"column":1032},"end":{"line":9,"column":1036}},{"start":{"line":9,"column":1041},"end":{"line":9,"column":1049}},{"start":{"line":9,"column":1053},"end":{"line":9,"column":1061}}],"line":9},"14":{"loc":{"start":{"line":9,"column":1161},"end":{"line":9,"column":1197}},"type":"if","locations":[{"start":{"line":9,"column":1161},"end":{"line":9,"column":1197}},{"start":{"line":9,"column":1161},"end":{"line":9,"column":1197}}],"line":9},"15":{"loc":{"start":{"line":9,"column":1285},"end":{"line":9,"column":1530}},"type":"if","locations":[{"start":{"line":9,"column":1285},"end":{"line":9,"column":1530}},{"start":{"line":9,"column":1285},"end":{"line":9,"column":1530}}],"line":9},"16":{"loc":{"start":{"line":9,"column":1371},"end":{"line":9,"column":1498}},"type":"if","locations":[{"start":{"line":9,"column":1371},"end":{"line":9,"column":1498}},{"start":{"line":9,"column":1371},"end":{"line":9,"column":1498}}],"line":9},"17":{"loc":{"start":{"line":9,"column":1632},"end":{"line":9,"column":1672}},"type":"cond-expr","locations":[{"start":{"line":9,"column":1655},"end":{"line":9,"column":1667}},{"start":{"line":9,"column":1670},"end":{"line":9,"column":1672}}],"line":9},"18":{"loc":{"start":{"line":9,"column":1673},"end":{"line":9,"column":2045}},"type":"if","locations":[{"start":{"line":9,"column":1673},"end":{"line":9,"column":2045}},{"start":{"line":9,"column":1673},"end":{"line":9,"column":2045}}],"line":9},"19":{"loc":{"start":{"line":9,"column":1791},"end":{"line":9,"column":2045}},"type":"if","locations":[{"start":{"line":9,"column":1791},"end":{"line":9,"column":2045}},{"start":{"line":9,"column":1791},"end":{"line":9,"column":2045}}],"line":9},"20":{"loc":{"start":{"line":9,"column":2104},"end":{"line":9,"column":2251}},"type":"if","locations":[{"start":{"line":9,"column":2104},"end":{"line":9,"column":2251}},{"start":{"line":9,"column":2104},"end":{"line":9,"column":2251}}],"line":9},"21":{"loc":{"start":{"line":9,"column":2303},"end":{"line":9,"column":2417}},"type":"binary-expr","locations":[{"start":{"line":9,"column":2303},"end":{"line":9,"column":2323}},{"start":{"line":9,"column":2327},"end":{"line":9,"column":2356}},{"start":{"line":9,"column":2360},"end":{"line":9,"column":2395}},{"start":{"line":9,"column":2399},"end":{"line":9,"column":2417}}],"line":9},"22":{"loc":{"start":{"line":9,"column":2659},"end":{"line":9,"column":2674}},"type":"if","locations":[{"start":{"line":9,"column":2659},"end":{"line":9,"column":2674}},{"start":{"line":9,"column":2659},"end":{"line":9,"column":2674}}],"line":9},"23":{"loc":{"start":{"line":9,"column":2674},"end":{"line":9,"column":2737}},"type":"if","locations":[{"start":{"line":9,"column":2674},"end":{"line":9,"column":2737}},{"start":{"line":9,"column":2674},"end":{"line":9,"column":2737}}],"line":9},"24":{"loc":{"start":{"line":9,"column":2792},"end":{"line":9,"column":2852}},"type":"if","locations":[{"start":{"line":9,"column":2792},"end":{"line":9,"column":2852}},{"start":{"line":9,"column":2792},"end":{"line":9,"column":2852}}],"line":9},"25":{"loc":{"start":{"line":9,"column":2796},"end":{"line":9,"column":2827}},"type":"binary-expr","locations":[{"start":{"line":9,"column":2796},"end":{"line":9,"column":2810}},{"start":{"line":9,"column":2814},"end":{"line":9,"column":2827}}],"line":9},"26":{"loc":{"start":{"line":9,"column":2852},"end":{"line":9,"column":2905}},"type":"if","locations":[{"start":{"line":9,"column":2852},"end":{"line":9,"column":2905}},{"start":{"line":9,"column":2852},"end":{"line":9,"column":2905}}],"line":9},"27":{"loc":{"start":{"line":9,"column":2856},"end":{"line":9,"column":2882}},"type":"binary-expr","locations":[{"start":{"line":9,"column":2856},"end":{"line":9,"column":2867}},{"start":{"line":9,"column":2871},"end":{"line":9,"column":2882}}],"line":9},"28":{"loc":{"start":{"line":9,"column":2905},"end":{"line":9,"column":3018}},"type":"if","locations":[{"start":{"line":9,"column":2905},"end":{"line":9,"column":3018}},{"start":{"line":9,"column":2905},"end":{"line":9,"column":3018}}],"line":9},"29":{"loc":{"start":{"line":9,"column":2909},"end":{"line":9,"column":2980}},"type":"binary-expr","locations":[{"start":{"line":9,"column":2909},"end":{"line":9,"column":2926}},{"start":{"line":9,"column":2930},"end":{"line":9,"column":2980}}],"line":9},"30":{"loc":{"start":{"line":9,"column":3057},"end":{"line":9,"column":3111}},"type":"if","locations":[{"start":{"line":9,"column":3057},"end":{"line":9,"column":3111}},{"start":{"line":9,"column":3057},"end":{"line":9,"column":3111}}],"line":9},"31":{"loc":{"start":{"line":9,"column":3061},"end":{"line":9,"column":3092}},"type":"binary-expr","locations":[{"start":{"line":9,"column":3061},"end":{"line":9,"column":3072}},{"start":{"line":9,"column":3076},"end":{"line":9,"column":3092}}],"line":9},"32":{"loc":{"start":{"line":9,"column":3236},"end":{"line":9,"column":3315}},"type":"if","locations":[{"start":{"line":9,"column":3236},"end":{"line":9,"column":3315}},{"start":{"line":9,"column":3236},"end":{"line":9,"column":3315}}],"line":9},"33":{"loc":{"start":{"line":9,"column":3240},"end":{"line":9,"column":3306}},"type":"binary-expr","locations":[{"start":{"line":9,"column":3240},"end":{"line":9,"column":3269}},{"start":{"line":9,"column":3273},"end":{"line":9,"column":3306}}],"line":9},"34":{"loc":{"start":{"line":9,"column":3487},"end":{"line":9,"column":3521}},"type":"if","locations":[{"start":{"line":9,"column":3487},"end":{"line":9,"column":3521}},{"start":{"line":9,"column":3487},"end":{"line":9,"column":3521}}],"line":9},"35":{"loc":{"start":{"line":9,"column":3491},"end":{"line":9,"column":3513}},"type":"binary-expr","locations":[{"start":{"line":9,"column":3491},"end":{"line":9,"column":3492}},{"start":{"line":9,"column":3496},"end":{"line":9,"column":3513}}],"line":9},"36":{"loc":{"start":{"line":9,"column":3572},"end":{"line":9,"column":3620}},"type":"if","locations":[{"start":{"line":9,"column":3572},"end":{"line":9,"column":3620}},{"start":{"line":9,"column":3572},"end":{"line":9,"column":3620}}],"line":9},"37":{"loc":{"start":{"line":9,"column":3576},"end":{"line":9,"column":3603}},"type":"binary-expr","locations":[{"start":{"line":9,"column":3576},"end":{"line":9,"column":3579}},{"start":{"line":9,"column":3583},"end":{"line":9,"column":3603}}],"line":9},"38":{"loc":{"start":{"line":9,"column":3631},"end":{"line":9,"column":3648}},"type":"if","locations":[{"start":{"line":9,"column":3631},"end":{"line":9,"column":3648}},{"start":{"line":9,"column":3631},"end":{"line":9,"column":3648}}],"line":9},"39":{"loc":{"start":{"line":9,"column":3694},"end":{"line":9,"column":3729}},"type":"if","locations":[{"start":{"line":9,"column":3694},"end":{"line":9,"column":3729}},{"start":{"line":9,"column":3694},"end":{"line":9,"column":3729}}],"line":9},"40":{"loc":{"start":{"line":40,"column":6},"end":{"line":43,"column":183}},"type":"cond-expr","locations":[{"start":{"line":41,"column":6},"end":{"line":41,"column":196}},{"start":{"line":43,"column":6},"end":{"line":43,"column":183}}],"line":40}},"s":{"0":1,"1":1,"2":1,"3":1,"4":1,"5":1,"6":1,"7":1,"8":1,"9":1,"10":3,"11":1,"12":0,"13":1,"14":1,"15":0,"16":1,"17":2,"18":1,"19":1,"20":0,"21":1,"22":1,"23":0,"24":1,"25":1,"26":1,"27":28,"28":28,"29":28,"30":0,"31":28,"32":1,"33":1,"34":1,"35":1,"36":2,"37":2,"38":2,"39":2,"40":2,"41":0,"42":2,"43":2,"44":2,"45":2,"46":3,"47":3,"48":2,"49":3,"50":1,"51":1,"52":0,"53":0,"54":2,"55":3,"56":0,"57":3,"58":3,"59":0,"60":0,"61":0,"62":0,"63":0,"64":0,"65":0,"66":0,"67":0,"68":0,"69":0,"70":0,"71":0,"72":0,"73":0,"74":0,"75":0,"76":0,"77":0,"78":0,"79":0,"80":0,"81":0,"82":0,"83":0,"84":0,"85":0,"86":0,"87":0,"88":0,"89":0,"90":0,"91":0,"92":0,"93":0,"94":0,"95":0,"96":0,"97":0,"98":0,"99":0,"100":0,"101":1,"102":0,"103":0,"104":0,"105":0,"106":0,"107":0,"108":0,"109":0,"110":0,"111":0,"112":0,"113":0,"114":0,"115":0,"116":0,"117":0,"118":0,"119":0,"120":0,"121":0,"122":1,"123":1,"124":1},"f":{"0":3,"1":1,"2":0,"3":2,"4":2,"5":0,"6":2,"7":3,"8":0,"9":3,"10":0,"11":0,"12":0,"13":0,"14":0,"15":0,"16":0,"17":0,"18":0,"19":0,"20":0,"21":0},"b":{"0":[3,0],"1":[3,3],"2":[0,1],"3":[1,1],"4":[2,2],"5":[0,1],"6":[1,1,0],"7":[0,1],"8":[1,1],"9":[1,1],"10":[28,0],"11":[28,0],"12":[0,28],"13":[28,28,28],"14":[1,0],"15":[2,0],"16":[2,0],"17":[3,0],"18":[2,1],"19":[1,0],"20":[0,3],"21":[0,0,0,0],"22":[0,0],"23":[0,0],"24":[0,0],"25":[0,0],"26":[0,0],"27":[0,0],"28":[0,0],"29":[0,0],"30":[0,0],"31":[0,0],"32":[0,0],"33":[0,0],"34":[0,0],"35":[0,0],"36":[0,0],"37":[0,0],"38":[0,0],"39":[0,0],"40":[0,0]},"inputSourceMap":null,"_coverageSchema":"1a1c01bbd47fc00a2c39e90264f33305004495a9","hash":"b640bd07ad2b7559358d1f71d50eb5fdf302d1e8"}
,"/Users/salemduy/Documents/workspace/tourmega_assignment/src/components/LineComponent.js": {"path":"/Users/salemduy/Documents/workspace/tourmega_assignment/src/components/LineComponent.js","statementMap":{"0":{"start":{"line":1,"column":13},"end":{"line":1,"column":75}},"1":{"start":{"line":1,"column":75},"end":{"line":1,"column":100}},"2":{"start":{"line":4,"column":13},"end":{"line":4,"column":53}},"3":{"start":{"line":5,"column":20},"end":{"line":5,"column":77}},"4":{"start":{"line":6,"column":19},"end":{"line":6,"column":42}},"5":{"start":{"line":6,"column":55},"end":{"line":6,"column":59}},"6":{"start":{"line":6,"column":75},"end":{"line":6,"column":164}},"7":{"start":{"line":6,"column":203},"end":{"line":6,"column":257}},"8":{"start":{"line":8,"column":11},"end":{"line":10,"column":1}},"9":{"start":{"line":9,"column":2},"end":{"line":9,"column":182}},"10":{"start":{"line":12,"column":0},"end":{"line":12,"column":4}},"11":{"start":{"line":12,"column":5},"end":{"line":12,"column":32}}},"fnMap":{"0":{"name":"_interopRequireDefault","decl":{"start":{"line":6,"column":174},"end":{"line":6,"column":196}},"loc":{"start":{"line":6,"column":202},"end":{"line":6,"column":258}},"line":6},"1":{"name":"Line","decl":{"start":{"line":8,"column":20},"end":{"line":8,"column":24}},"loc":{"start":{"line":8,"column":27},"end":{"line":10,"column":1}},"line":8}},"branchMap":{"0":{"loc":{"start":{"line":6,"column":210},"end":{"line":6,"column":256}},"type":"cond-expr","locations":[{"start":{"line":6,"column":234},"end":{"line":6,"column":237}},{"start":{"line":6,"column":240},"end":{"line":6,"column":256}}],"line":6},"1":{"loc":{"start":{"line":6,"column":210},"end":{"line":6,"column":231}},"type":"binary-expr","locations":[{"start":{"line":6,"column":210},"end":{"line":6,"column":213}},{"start":{"line":6,"column":217},"end":{"line":6,"column":231}}],"line":6}},"s":{"0":1,"1":1,"2":1,"3":1,"4":1,"5":1,"6":1,"7":2,"8":1,"9":0,"10":1,"11":1},"f":{"0":2,"1":0},"b":{"0":[1,1],"1":[2,2]},"inputSourceMap":null,"_coverageSchema":"1a1c01bbd47fc00a2c39e90264f33305004495a9","hash":"531ee6a5f0aaaf6dd29e4df3103897bcc817ee9b"}
,"/Users/salemduy/Documents/workspace/tourmega_assignment/src/components/PhotoSliderComponent.js": {"path":"/Users/salemduy/Documents/workspace/tourmega_assignment/src/components/PhotoSliderComponent.js","statementMap":{"0":{"start":{"line":1,"column":13},"end":{"line":1,"column":75}},"1":{"start":{"line":1,"column":75},"end":{"line":1,"column":100}},"2":{"start":{"line":4,"column":13},"end":{"line":4,"column":53}},"3":{"start":{"line":5,"column":33},"end":{"line":5,"column":73}},"4":{"start":{"line":6,"column":13},"end":{"line":6,"column":65}},"5":{"start":{"line":6,"column":78},"end":{"line":6,"column":82}},"6":{"start":{"line":6,"column":98},"end":{"line":6,"column":194}},"7":{"start":{"line":6,"column":232},"end":{"line":6,"column":279}},"8":{"start":{"line":6,"column":267},"end":{"line":6,"column":279}},"9":{"start":{"line":6,"column":291},"end":{"line":6,"column":304}},"10":{"start":{"line":6,"column":305},"end":{"line":6,"column":384}},"11":{"start":{"line":6,"column":369},"end":{"line":6,"column":382}},"12":{"start":{"line":6,"column":384},"end":{"line":6,"column":397}},"13":{"start":{"line":6,"column":437},"end":{"line":6,"column":477}},"14":{"start":{"line":6,"column":465},"end":{"line":6,"column":476}},"15":{"start":{"line":6,"column":477},"end":{"line":6,"column":577}},"16":{"start":{"line":6,"column":552},"end":{"line":6,"column":576}},"17":{"start":{"line":6,"column":589},"end":{"line":6,"column":615}},"18":{"start":{"line":6,"column":616},"end":{"line":6,"column":669}},"19":{"start":{"line":6,"column":646},"end":{"line":6,"column":668}},"20":{"start":{"line":6,"column":682},"end":{"line":6,"column":684}},"21":{"start":{"line":6,"column":713},"end":{"line":6,"column":769}},"22":{"start":{"line":6,"column":770},"end":{"line":6,"column":1041}},"23":{"start":{"line":6,"column":792},"end":{"line":6,"column":1040}},"24":{"start":{"line":6,"column":856},"end":{"line":6,"column":928}},"25":{"start":{"line":6,"column":929},"end":{"line":6,"column":1039}},"26":{"start":{"line":6,"column":966},"end":{"line":6,"column":1007}},"27":{"start":{"line":6,"column":1015},"end":{"line":6,"column":1038}},"28":{"start":{"line":6,"column":1041},"end":{"line":6,"column":1062}},"29":{"start":{"line":6,"column":1062},"end":{"line":6,"column":1098}},"30":{"start":{"line":6,"column":1074},"end":{"line":6,"column":1097}},"31":{"start":{"line":6,"column":1098},"end":{"line":6,"column":1112}},"32":{"start":{"line":6,"column":1151},"end":{"line":6,"column":1205}},"33":{"start":{"line":8,"column":18},"end":{"line":27,"column":1}},"34":{"start":{"line":8,"column":59},"end":{"line":8,"column":70}},"35":{"start":{"line":9,"column":2},"end":{"line":23,"column":110}},"36":{"start":{"line":13,"column":68},"end":{"line":13,"column":118}},"37":{"start":{"line":29,"column":0},"end":{"line":29,"column":11}},"38":{"start":{"line":29,"column":12},"end":{"line":29,"column":39}}},"fnMap":{"0":{"name":"_getRequireWildcardCache","decl":{"start":{"line":6,"column":204},"end":{"line":6,"column":228}},"loc":{"start":{"line":6,"column":231},"end":{"line":6,"column":398}},"line":6},"1":{"name":"_getRequireWildcardCache","decl":{"start":{"line":6,"column":341},"end":{"line":6,"column":365}},"loc":{"start":{"line":6,"column":368},"end":{"line":6,"column":383}},"line":6},"2":{"name":"_interopRe
[...]
,"/Users/salemduy/Documents/workspace/tourmega_assignment/src/network/api.js": {"path":"/Users/salemduy/Documents/workspace/tourmega_assignment/src/network/api.js","statementMap":{"0":{"start":{"line":1,"column":13},"end":{"line":1,"column":75}},"1":{"start":{"line":1,"column":75},"end":{"line":1,"column":132}},"2":{"start":{"line":1,"column":149},"end":{"line":1,"column":214}},"3":{"start":{"line":2,"column":13},"end":{"line":2,"column":53}},"4":{"start":{"line":2,"column":92},"end":{"line":2,"column":146}},"5":{"start":{"line":2,"column":184},"end":{"line":2,"column":231}},"6":{"start":{"line":2,"column":219},"end":{"line":2,"column":231}},"7":{"start":{"line":2,"column":243},"end":{"line":2,"column":256}},"8":{"start":{"line":2,"column":257},"end":{"line":2,"column":336}},"9":{"start":{"line":2,"column":321},"end":{"line":2,"column":334}},"10":{"start":{"line":2,"column":336},"end":{"line":2,"column":349}},"11":{"start":{"line":2,"column":389},"end":{"line":2,"column":429}},"12":{"start":{"line":2,"column":417},"end":{"line":2,"column":428}},"13":{"start":{"line":2,"column":429},"end":{"line":2,"column":529}},"14":{"start":{"line":2,"column":504},"end":{"line":2,"column":528}},"15":{"start":{"line":2,"column":541},"end":{"line":2,"column":567}},"16":{"start":{"line":2,"column":568},"end":{"line":2,"column":621}},"17":{"start":{"line":2,"column":598},"end":{"line":2,"column":620}},"18":{"start":{"line":2,"column":634},"end":{"line":2,"column":636}},"19":{"start":{"line":2,"column":665},"end":{"line":2,"column":721}},"20":{"start":{"line":2,"column":722},"end":{"line":2,"column":993}},"21":{"start":{"line":2,"column":744},"end":{"line":2,"column":992}},"22":{"start":{"line":2,"column":808},"end":{"line":2,"column":880}},"23":{"start":{"line":2,"column":881},"end":{"line":2,"column":991}},"24":{"start":{"line":2,"column":918},"end":{"line":2,"column":959}},"25":{"start":{"line":2,"column":967},"end":{"line":2,"column":990}},"26":{"start":{"line":2,"column":993},"end":{"line":2,"column":1014}},"27":{"start":{"line":2,"column":1014},"end":{"line":2,"column":1050}},"28":{"start":{"line":2,"column":1026},"end":{"line":2,"column":1049}},"29":{"start":{"line":2,"column":1050},"end":{"line":2,"column":1064}},"30":{"start":{"line":4,"column":20},"end":{"line":29,"column":1}},"31":{"start":{"line":5,"column":12},"end":{"line":5,"column":65}},"32":{"start":{"line":6,"column":2},"end":{"line":28,"column":4}},"33":{"start":{"line":7,"column":4},"end":{"line":7,"column":48}},"34":{"start":{"line":8,"column":4},"end":{"line":27,"column":7}},"35":{"start":{"line":10,"column":25},"end":{"line":10,"column":41}},"36":{"start":{"line":12,"column":6},"end":{"line":20,"column":7}},"37":{"start":{"line":13,"column":8},"end":{"line":13,"column":65}},"38":{"start":{"line":15,"column":8},"end":{"line":17,"column":63}},"39":{"start":{"line":23,"column":6},"end":{"line":23,"column":53}},"40":{"start":{"line":26,"column":6},"end":{"line":26,"column":51}},"41":{"start":{"line":29,"column":2},"end":{"line":29,"column":40}},"42":{"start":{"line":31,"column":22},"end":{"line":53,"column":1}},"43":{"start":{"line":33,"column":2},"end":{"line":33,"column":190}},"44":{"start":{"line":34,"column":2},"end":{"line":52,"column":4}},"45":{"start":{"line":35,"column":4},"end":{"line":51,"column":7}},"46":{"start":{"line":37,"column":25},"end":{"line":37,"column":41}},"47":{"start":{"line":39,"column":6},"end":{"line":47,"column":7}},"48":{"start":{"line":40,"column":8},"end":{"line":40,"column":66}},"49":{"start":{"line":42,"column":8},"end":{"line":44,"column":63}},"50":{"start":{"line":50,"column":6},"end":{"line":50,"column":55}},"51":{"start":{"line":53,"column":2},"end":{"line":53,"column":44}}},"fnMap":{"0":{"name":"_interopRequireDefault","decl":{"start":{"line":2,"column":63},"end":{"line":2,"column":85}},"loc":{"start":{"line":2,"column":91},"end":{"line":2,"column":147}},"line":2},"1":{"name":"_getRequireWildcardCache","decl":{"start":{"line":2,"column":156},"end":{"line":2,"column":180}},"loc":{"start":{"line":2,"column":183},"end":{"line":2,"column":350}},"line":2},"2":{"name":"_getRequireWildcardCache","decl":{"start":{"line":2,"column":293},"end":{"line":2,"column":317}},"loc":{"start":{"line":2,"column":320},"end":{"line":2,"column":335}},"line":2},"3":{"name":"_interopRequireWildcard","decl":{"start":{"line":2,"column":359},"end":{"line":2,"column":382}},"loc":{"start":{"line":2,"column":388},"end":{"line":2,"column":1065}},"line":2},"4":{"name":"getTourDetail","decl":{"start":{"line":4,"column":29},"end":{"line":4,"column":42}},"loc":{"start":{"line":4,"column":51},"end":{"line":29,"column":1}},"line":4},"5":{"name":"(anonymous_5)","decl":{"start":{"line":6,"column":9},"end":{"line":6,"column":10}},"loc":{"start":{"line":6,"column":29},"end":{"line":28,"column":3}},"line":6},"6":{"name":"(anonymous_6)","decl":{"start":{"line":10,"column":9},"end":{"line":10,"column":10}},"loc":{"start":{"line":10,"column":24},"end":{"line":10,"column":42}},"line":10},"7":{"name":"(anonymous_7)","decl":{"start":{"line":11,"column":9},"end":{"line":11,"column":10}},"loc":{"start":{"line":11,"column":29},"end":{"line":21,"column":5}},"line":11},"8":{"name":"(anonymous_8)","decl":{"start":{"line":22,"column":10},"end":{"line":22,"column":11}},"loc":{"start":{"line":22,"column":27},"end":{"line":24,"column":5}},"line":22},"9":{"name":"(anonymous_9)","decl":{"start":{"line":25,"column":12},"end":{"line":25,"column":13}},"loc":{"start":{"line":25,"column":24},"end":{"line":27,"column":5}},"line":25},"10":{"name":"getRelatedTours","decl":{"start":{"line":31,"column":31},"end":{"line":31,"column":46}},"loc":{"start":{"line":31,"column":49},"end":{"line":53,"column":1}},"line":31},"11":{"name":"(anonymous_11)","decl":{"start":{"line":34,"column":9},"end":{"line":34,"column":10}},"loc":{"start":{"line":34,"column":29},"end":{"line":52,"column":3}},"line":34},"12":{"name":"(anonymous_12)","decl":{"start":{"line":37,"column":9},"end":{"line":37,"column":10}},"loc":{"start":{"line":37,"column":24},"end":{"line":37,"column":42}},"line":37},"13":{"name":"(anonymous_13)","decl":{"start":{"line":38,"column":9},"end":{"line":38,"column":10}},"loc":{"start":{"line":38,"column":29},"end":{"line":48,"column":5}},"line":38},"14":{"name":"(anonymous_14)","decl":{"start":{"line":49,"column":10},"end":{"line":49,"column":11}},"loc":{"start":{"line":49,"column":27},"end":{"line":51,"column":5}},"line":49}},"branchMap":{"0":{"loc":{"start":{"line":2,"column":99},"end":{"line":2,"column":145}},"type":"cond-expr","locations":[{"start":{"line":2,"column":123},"end":{"line":2,"column":126}},{"start":{"line":2,"column":129},"end":{"line":2,"column":145}}],"line":2},"1":{"loc":{"start":{"line":2,"column":99},"end":{"line":2,"column":120}},"type":"binary-expr","locations":[{"start":{"line":2,"column":99},"end":{"line":2,"column":102}},{"start":{"line":2,"column":106},"end":{"line":2,"column":120}}],"line":2},"2":{"loc":{"start":{"line":2,"column":184},"end":{"line":2,"column":231}},"type":"if","locations":[{"start":{"line":2,"column":184},"end":{"line":2,"column":231}},{"start":{"line":2,"column":184},"end":{"line":2,"column":231}}],"line":2},"3":{"loc":{"start":{"line":2,"column":389},"end":{"line":2,"column":429}},"type":"if","locations":[{"start":{"line":2,"column":389},"end":{"line":2,"column":429}},{"start":{"line":2,"column":389},"end":{"line":2,"column":429}}],"line":2},"4":{"loc":{"start":{"line":2,"column":393},"end":{"line":2,"column":414}},"type":"binary-expr","locations":[{"start":{"line":2,"column":393},"end":{"line":2,"column":396}},{"start":{"line":2,"column":400},"end":{"line":2,"column":414}}],"line":2},"5":{"loc":{"start":{"line":2,"column":429},"end":{"line":2,"column":529}},"type":"if","locations":[{"start":{"line":2,"column":429},"end":{"line":2,"column":529}},{"start":{"line":2,"column":429},"end":{"line":2,"column":529}}],"line":2},"6":{"loc":{"start":{"line":2,"column":433},"end":{"line":2,"column":501}},"type":"binary-expr","locations":[{"start":{"line":2,"column":433},"end":{"line":2,"column":445}},{"start":{"line":2,"column":449},"end":{"line":2,"column":472}},{"start":{"line":2,"column":476},"end":{"line":2,"column":501}}],"line":2},"7":{"loc":{"start":{"line":2,"column":568},"end":{"line":2,"column":621}},"type":"if","locations":[{"start":{"line":2,"column":568},"end":{"line":2,"column":621}},{"start":{"line":2,"column":568},"end":{"line":2,"column":621}}],"line":2},"8":{"loc":{"start":{"line":2,"column":572},"end":{"line":2,"column":595}},"type":"binary-expr","locations":[{"start":{"line":2,"column":572},"end":{"line":2,"column":577}},{"start":{"line":2,"column":581},"end":{"line":2,"column":595}}],"line":2},"9":{"loc":{"start":{"line":2,"column":665},"end":{"line":2,"column":721}},"type":"binary-expr","locations":[{"start":{"line":2,"column":665},"end":{"line":2,"column":686}},{"start":{"line":2,"column":690},"end":{"line":2,"column":721}}],"line":2},"10":{"loc":{"start":{"line":2,"column":744},"end":{"line":2,"column":992}},"type":"if","locations":[{"start":{"line":2,"column":744},"end":{"line":2,"column":992}},{"start":{"line":2,"column":744},"end":{"line":2,"column":992}}],"line":2},"11":{"loc":{"start":{"line":2,"column":808},"end":{"line":2,"column":880}},"type":"cond-expr","locations":[{"start":{"line":2,"column":832},"end":{"line":2,"column":873}},{"start":{"line":2,"column":876},"end":{"line":2,"column":880}}],"line":2},"12":{"loc":{"start":{"line":2,"column":881},"end":{"line":2,"column":991}},"type":"if","locations":[{"start":{"line":2,"column":881},"end":{"line":2,"column":991}},{"start":{"line":2,"column":881},"end":{"line":2,"column":991}}],"line":2},"13":{"loc":{"start":{"line":2,"column":885},"end":{"line":2,"column":915}},"type":"binary-expr","locations":[{"start":{"line":2,"column":885},"end":{"line":2,"column":889}},{"start":{"line":2,"column":894},"end":{"line":2,"column":902}},{"start":{"line":2,"column":906},"end":{"line":2,"column":914}}],"line":2},"14":{"loc":{"start":{"line":2,"column":1014},"end":{"line":2,"column":1050}},"type":"if","locations":[{"start":{"line":2,"column":1014},"end":{"line":2,"column":1050}},{"start":{"line":2,"column":1014},"end":{"line":2,"column":1050}}],"line":2},"15":{"loc":{"start":{"line":12,"column":6},"end":{"line":20,"column":7}},"type":"if","locations":[{"start":{"line":12,"column":6},"end":{"line":20,"column":7}},{"start":{"line":12,"column":6},"end":{"line":20,"column":7}}],"line":12},"16":{"loc":{"start":{"line":39,"column":6},"end":{"line":47,"column":7}},"type":"if","locations":[{"start":{"line":39,"column":6},"end":{"line":47,"column":7}},{"start":{"line":39,"column":6},"end":{"line":47,"column":7}}],"line":39}},"s":{"0":1,"1":1,"2":1,"3":1,"4":1,"5":0,"6":0,"7":0,"8":0,"9":0,"10":0,"11":1,"12":1,"13":0,"14":0,"15":0,"16":0,"17":0,"18":0,"19":0,"20":0,"21":0,"22":0,"23":0,"24":0,"25":0,"26":0,"27":0,"28":0,"29":0,"30":1,"31":11,"32":11,"33":11,"34":11,"35":0,"36":0,"37":0,"38":0,"39":0,"40":0,"41":1,"42":1,"43":0,"44":0,"45":0,"46":0,"47":0,"48":0,"49":0,"50":0,"51":1},"f":{"0":1,"1":0,"2":0,"3":1,"4":11,"5":11,"6":0,"7":0,"8":0,"9":0,"10":0,"11":0,"12":0,"13":0,"14":0},"b":{"0":[0,1],"1":[1,1],"2":[0,0],"3":[1,0],"4":[1,1],"5":[0,0],"6":[0,0,0],"7":[0,0],"8":[0,0],"9":[0,0],"10":[0,0],"11":[0,0],"12":[0,0],"13":[0,0,0],"14":[0,0],"15":[0,0],"16":[0,0]},"inputSourceMap":null,"_coverageSchema":"1a1c01bbd47fc00a2c39e90264f33305004495a9","hash":"c28573ce575c9fddee16dd5efa236013e9d5eb62"}
,"/Users/salemduy/Documents/workspace/tourmega_assignment/src/styles/colors.js": {"path":"/Users/salemduy/Documents/workspace/tourmega_assignment/src/styles/colors.js","statementMap":{"0":{"start":{"line":1,"column":13},"end":{"line":1,"column":75}},"1":{"start":{"line":1,"column":75},"end":{"line":1,"column":139}},"2":{"start":{"line":1,"column":158},"end":{"line":1,"column":167}},"3":{"start":{"line":1,"column":168},"end":{"line":1,"column":204}},"4":{"start":{"line":2,"column":16},"end":{"line":2,"column":25}},"5":{"start":{"line":2,"column":26},"end":{"line":2,"column":56}},"6":{"start":{"line":3,"column":10},"end":{"line":3,"column":19}},"7":{"start":{"line":3,"column":20},"end":{"line":3,"column":38}}},"fnMap":{},"branchMap":{},"s":{"0":2,"1":2,"2":2,"3":2,"4":2,"5":2,"6":2,"7":2},"f":{},"b":{},"inputSourceMap":null,"_coverageSchema":"1a1c01bbd47fc00a2c39e90264f33305004495a9","hash":"3aacbc06a0198d7a38e482c83f3ef5caa2cc08be"}
,"/Users/salemduy/Documents/workspace/tourmega_assignment/src/styles/commonStyles.js": {"path":"/Users/salemduy/Documents/workspace/tourmega_assignment/src/styles/commonStyles.js","statementMap":{"0":{"start":{"line":1,"column":13},"end":{"line":1,"column":75}},"1":{"start":{"line":1,"column":75},"end":{"line":1,"column":100}},"2":{"start":{"line":1,"column":119},"end":{"line":1,"column":142}},"3":{"start":{"line":2,"column":13},"end":{"line":2,"column":57}},"4":{"start":{"line":2,"column":95},"end":{"line":2,"column":142}},"5":{"start":{"line":2,"column":130},"end":{"line":2,"column":142}},"6":{"start":{"line":2,"column":154},"end":{"line":2,"column":167}},"7":{"start":{"line":2,"column":168},"end":{"line":2,"column":247}},"8":{"start":{"line":2,"column":232},"end":{"line":2,"column":245}},"9":{"start":{"line":2,"column":247},"end":{"line":2,"column":260}},"10":{"start":{"line":2,"column":300},"end":{"line":2,"column":340}},"11":{"start":{"line":2,"column":328},"end":{"line":2,"column":339}},"12":{"start":{"line":2,"column":340},"end":{"line":2,"column":440}},"13":{"start":{"line":2,"column":415},"end":{"line":2,"column":439}},"14":{"start":{"line":2,"column":452},"end":{"line":2,"column":478}},"15":{"start":{"line":2,"column":479},"end":{"line":2,"column":532}},"16":{"start":{"line":2,"column":509},"end":{"line":2,"column":531}},"17":{"start":{"line":2,"column":545},"end":{"line":2,"column":547}},"18":{"start":{"line":2,"column":576},"end":{"line":2,"column":632}},"19":{"start":{"line":2,"column":633},"end":{"line":2,"column":904}},"20":{"start":{"line":2,"column":655},"end":{"line":2,"column":903}},"21":{"start":{"line":2,"column":719},"end":{"line":2,"column":791}},"22":{"start":{"line":2,"column":792},"end":{"line":2,"column":902}},"23":{"start":{"line":2,"column":829},"end":{"line":2,"column":870}},"24":{"start":{"line":2,"column":878},"end":{"line":2,"column":901}},"25":{"start":{"line":2,"column":904},"end":{"line":2,"column":925}},"26":{"start":{"line":2,"column":925},"end":{"line":2,"column":961}},"27":{"start":{"line":2,"column":937},"end":{"line":2,"column":960}},"28":{"start":{"line":2,"column":961},"end":{"line":2,"column":975}},"29":{"start":{"line":4,"column":19},"end":{"line":22,"column":29}},"30":{"start":{"line":26,"column":0},"end":{"line":26,"column":12}},"31":{"start":{"line":26,"column":13},"end":{"line":26,"column":40}}},"fnMap":{"0":{"name":"_getRequireWildcardCache","decl":{"start":{"line":2,"column":67},"end":{"line":2,"column":91}},"loc":{"start":{"line":2,"column":94},"end":{"line":2,"column":261}},"line":2},"1":{"name":"_getRequireWildcardCache","decl":{"start":{"line":2,"column":204},"end":{"line":2,"column":228}},"loc":{"start":{"line":2,"column":231},"end":{"line":2,"column":246}},"line":2},"2":{"name":"_interopRequireWildcard","decl":{"start":{"line":2,"column":270},"end":{"line":2,"column":293}},"loc":{"start":{"line":2,"column":299},"end":{"line":2,"column":976}},"line":2}},"branchMap":{"0":{"loc":{"start":{"line":2,"column":95},"end":{"line":2,"column":142}},"type":"if","locations":[{"start":{"line":2,"column":95},"end":{"line":2,"column":142}},{"start":{"line":2,"column":95},"end":{"line":2,"column":142}}],"line":2},"1":{"loc":{"start":{"line":2,"column":300},"end":{"line":2,"column":340}},"type":"if","locations":[{"start":{"line":2,"column":300},"end":{"line":2,"column":340}},{"start":{"line":2,"column":300},"end":{"line":2,"column":340}}],"line":2},"2":{"loc":{"start":{"line":2,"column":304},"end":{"line":2,"column":325}},"type":"binary-expr","locations":[{"start":{"line":2,"column":304},"end":{"line":2,"column":307}},{"start":{"line":2,"column":311},"end":{"line":2,"column":325}}],"line":2},"3":{"loc":{"start":{"line":2,"column":340},"end":{"line":2,"column":440}},"type":"if","locations":[{"start":{"line":2,"column":340},"end":{"line":2,"column":440}},{"start":{"line":2,"column":340},"end":{"line":2,"column":440}}],"line":2},"4":{"loc":{"start":{"line":2,"column":344},"end":{"line":2,"column":412}},"type":"binary-expr","locations":[{"start":{"line":2,"column":344},"end":{"line":2,"column":356}},{"start":{"line":2,"column":360},"end":{"line":2,"column":383}},{"start":{"line":2,"column":387},"end":{"line":2,"column":412}}],"line":2},"5":{"loc":{"start":{"line":2,"column":479},"end":{"line":2,"column":532}},"type":"if","locations":[{"start":{"line":2,"column":479},"end":{"line":2,"column":532}},{"start":{"line":2,"column":479},"end":{"line":2,"column":532}}],"line":2},"6":{"loc":{"start":{"line":2,"column":483},"end":{"line":2,"column":506}},"type":"binary-expr","locations":[{"start":{"line":2,"column":483},"end":{"line":2,"column":488}},{"start":{"line":2,"column":492},"end":{"line":2,"column":506}}],"line":2},"7":{"loc":{"start":{"line":2,"column":576},"end":{"line":2,"column":632}},"type":"binary-expr","locations":[{"start":{"line":2,"column":576},"end":{"line":2,"column":597}},{"start":{"line":2,"column":601},"end":{"line":2,"column":632}}],"line":2},"8":{"loc":{"start":{"line":2,"column":655},"end":{"line":2,"column":903}},"type":"if","locations":[{"start":{"line":2,"column":655},"end":{"line":2,"column":903}},{"start":{"line":2,"column":655},"end":{"line":2,"column":903}}],"line":2},"9":{"loc":{"start":{"line":2,"column":719},"end":{"line":2,"column":791}},"type":"cond-expr","locations":[{"start":{"line":2,"column":743},"end":{"line":2,"column":784}},{"start":{"line":2,"column":787},"end":{"line":2,"column":791}}],"line":2},"10":{"loc":{"start":{"line":2,"column":792},"end":{"line":2,"column":902}},"type":"if","locations":[{"start":{"line":2,"column":792},"end":{"line":2,"column":902}},{"start":{"line":2,"column":792},"end":{"line":2,"column":902}}],"line":2},"11":{"loc":{"start":{"line":2,"column":796},"end":{"line":2,"column":826}},"type":"binary-expr","locations":[{"start":{"line":2,"column":796},"end":{"line":2,"column":800}},{"start":{"line":2,"column":805},"end":{"line":2,"column":813}},{"start":{"line":2,"column":817},"end":{"line":2,"column":825}}],"line":2},"12":{"loc":{"start":{"line":2,"column":925},"end":{"line":2,"column":961}},"type":"if","locations":[{"start":{"line":2,"column":925},"end":{"line":2,"column":961}},{"start":{"line":2,"column":925},"end":{"line":2,"column":961}}],"line":2}},"s":{"0":2,"1":2,"2":2,"3":2,"4":0,"5":0,"6":0,"7":0,"8":0,"9":0,"10":2,"11":2,"12":0,"13":0,"14":0,"15":0,"16":0,"17":0,"18":0,"19":0,"20":0,"21":0,"22":0,"23":0,"24":0,"25":0,"26":0,"27":0,"28":0,"29":2,"30":2,"31":2},"f":{"0":0,"1":0,"2":2},"b":{"0":[0,0],"1":[2,0],"2":[2,2],"3":[0,0],"4":[0,0,0],"5":[0,0],"6":[0,0],"7":[0,0],"8":[0,0],"9":[0,0],"10":[0,0],"11":[0,0,0],"12":[0,0]},"inputSourceMap":null,"_coverageSchema":"1a1c01bbd47fc00a2c39e90264f33305004495a9","hash":"608d27c81d08535a508f840756468d5de20692dd"}
}
