TN:
SF:assets/images/cancellation.png
FNF:0
FNH:0
DA:1,1
LF:1
LH:1
BRF:0
BRH:0
end_of_record
TN:
SF:assets/images/car.png
FNF:0
FNH:0
DA:1,1
LF:1
LH:1
BRF:0
BRH:0
end_of_record
TN:
SF:assets/images/duration.png
FNF:0
FNH:0
DA:1,1
LF:1
LH:1
BRF:0
BRH:0
end_of_record
TN:
SF:assets/images/language.png
FNF:0
FNH:0
DA:1,1
LF:1
LH:1
BRF:0
BRH:0
end_of_record
TN:
SF:assets/images/people.png
FNF:0
FNH:0
DA:1,1
LF:1
LH:1
BRF:0
BRH:0
end_of_record
TN:
SF:src/MainScreen.js
FN:30,_interopRequireDefault
FN:30,_getRequireWildcardCache
FN:30,_getRequireWildcardCache
FN:30,_interopRequireWildcard
FN:30,ownKeys
FN:30,(anonymous_5)
FN:30,_objectSpread
FN:30,(anonymous_7)
FN:30,(anonymous_8)
FN:30,_defineProperty
FN:32,MainScreen
FN:36,(anonymous_11)
FN:37,(anonymous_12)
FN:38,(anonymous_13)
FN:44,(anonymous_14)
FN:48,getTourDetail
FNF:16
FNH:13
FNDA:10,_interopRequireDefault
FNDA:1,_getRequireWildcardCache
FNDA:0,_getRequireWildcardCache
FNDA:3,_interopRequireWildcard
FNDA:2,ownKeys
FNDA:0,(anonymous_5)
FNDA:2,_objectSpread
FNDA:3,(anonymous_7)
FNDA:0,(anonymous_8)
FNDA:3,_defineProperty
FNDA:11,MainScreen
FNDA:88,(anonymous_11)
FNDA:88,(anonymous_12)
FNDA:88,(anonymous_13)
FNDA:11,(anonymous_14)
FNDA:11,getTourDetail
DA:1,1
DA:5,1
DA:6,1
DA:17,1
DA:18,1
DA:19,1
DA:20,1
DA:21,1
DA:22,1
DA:23,1
DA:24,1
DA:25,1
DA:26,1
DA:27,1
DA:28,1
DA:29,1
DA:30,28
DA:32,1
DA:36,88
DA:37,88
DA:38,88
DA:40,11
DA:41,11
DA:44,11
DA:45,11
DA:48,11
DA:49,11
DA:59,11
DA:60,11
DA:69,0
DA:70,0
DA:79,0
DA:80,0
DA:81,0
DA:83,0
DA:198,11
DA:201,1
DA:239,1
LF:38
LH:32
BRDA:30,0,0,10
BRDA:30,0,1,0
BRDA:30,1,0,10
BRDA:30,1,1,10
BRDA:30,2,0,0
BRDA:30,2,1,1
BRDA:30,3,0,2
BRDA:30,3,1,1
BRDA:30,4,0,3
BRDA:30,4,1,3
BRDA:30,5,0,0
BRDA:30,5,1,1
BRDA:30,6,0,1
BRDA:30,6,1,1
BRDA:30,6,2,0
BRDA:30,7,0,0
BRDA:30,7,1,1
BRDA:30,8,0,1
BRDA:30,8,1,1
BRDA:30,9,0,1
BRDA:30,9,1,1
BRDA:30,10,0,28
BRDA:30,10,1,0
BRDA:30,11,0,28
BRDA:30,11,1,0
BRDA:30,12,0,0
BRDA:30,12,1,28
BRDA:30,13,0,28
BRDA:30,13,1,28
BRDA:30,13,2,28
BRDA:30,14,0,1
BRDA:30,14,1,0
BRDA:30,15,0,2
BRDA:30,15,1,0
BRDA:30,16,0,2
BRDA:30,16,1,0
BRDA:30,17,0,3
BRDA:30,17,1,0
BRDA:30,18,0,2
BRDA:30,18,1,1
BRDA:30,19,0,1
BRDA:30,19,1,0
BRDA:30,20,0,0
BRDA:30,20,1,3
BRDA:36,21,0,88
BRDA:36,21,1,0
BRDA:37,22,0,88
BRDA:37,22,1,0
BRDA:38,23,0,88
BRDA:38,23,1,0
BRDA:59,24,0,11
BRDA:59,24,1,0
BRDA:69,25,0,0
BRDA:69,25,1,0
BRDA:80,26,0,0
BRDA:80,26,1,0
BRDA:87,27,0,0
BRDA:87,27,1,0
BRDA:87,28,0,0
BRDA:87,28,1,0
BRDA:151,29,0,0
BRDA:151,29,1,0
BRDA:151,30,0,0
BRDA:151,30,1,0
BRDA:158,31,0,0
BRDA:158,31,1,0
BRDA:158,32,0,0
BRDA:158,32,1,0
BRDA:170,33,0,0
BRDA:170,33,1,0
BRDA:170,34,0,0
BRDA:170,34,1,0
BRF:72
BRH:34
end_of_record
TN:
SF:src/actions/actionTypes.js
FNF:0
FNH:0
DA:1,1
DA:2,1
DA:3,1
DA:4,1
DA:6,1
DA:7,1
LF:6
LH:6
BRF:0
BRH:0
end_of_record
TN:
SF:src/actions/index.js
FN:1,_getRequireWildcardCache
FN:1,_getRequireWildcardCache
FN:1,_interopRequireWildcard
FN:3,getTourDetail
FN:7,getRelatedTours
FNF:5
FNH:2
FNDA:0,_getRequireWildcardCache
FNDA:0,_getRequireWildcardCache
FNDA:1,_interopRequireWildcard
FNDA:11,getTourDetail
FNDA:0,getRelatedTours
DA:1,1
DA:3,1
DA:4,11
DA:5,1
DA:7,1
DA:8,0
DA:9,1
LF:7
LH:6
BRDA:1,0,0,0
BRDA:1,0,1,0
BRDA:1,1,0,1
BRDA:1,1,1,0
BRDA:1,2,0,1
BRDA:1,2,1,1
BRDA:1,3,0,0
BRDA:1,3,1,0
BRDA:1,4,0,0
BRDA:1,4,1,0
BRDA:1,4,2,0
BRDA:1,5,0,0
BRDA:1,5,1,0
BRDA:1,6,0,0
BRDA:1,6,1,0
BRDA:1,7,0,0
BRDA:1,7,1,0
BRDA:1,8,0,0
BRDA:1,8,1,0
BRDA:1,9,0,0
BRDA:1,9,1,0
BRDA:1,10,0,0
BRDA:1,10,1,0
BRDA:1,11,0,0
BRDA:1,11,1,0
BRDA:1,11,2,0
BRDA:1,12,0,0
BRDA:1,12,1,0
BRF:28
BRH:3
end_of_record
TN:
SF:src/actions/tourDetail.actions.js
FN:1,_getRequireWildcardCache
FN:1,_getRequireWildcardCache
FN:1,_interopRequireWildcard
FN:3,getTourDetailStarted
FN:7,getTourDetailFinished
FN:11,getTourDetailSuccess
FN:18,getTourDetailError
FN:25,getRelatedTourSuccess
FN:32,getRelatedTourFailed
FNF:9
FNH:2
FNDA:0,_getRequireWildcardCache
FNDA:0,_getRequireWildcardCache
FNDA:1,_interopRequireWildcard
FNDA:11,getTourDetailStarted
FNDA:0,getTourDetailFinished
FNDA:0,getTourDetailSuccess
FNDA:0,getTourDetailError
FNDA:0,getRelatedTourSuccess
FNDA:0,getRelatedTourFailed
DA:1,1
DA:3,11
DA:4,1
DA:7,1
DA:8,1
DA:11,1
DA:14,1
DA:18,1
DA:21,1
DA:25,1
DA:28,1
DA:32,1
DA:35,1
LF:13
LH:13
BRDA:1,0,0,0
BRDA:1,0,1,0
BRDA:1,1,0,1
BRDA:1,1,1,0
BRDA:1,2,0,1
BRDA:1,2,1,1
BRDA:1,3,0,0
BRDA:1,3,1,0
BRDA:1,4,0,0
BRDA:1,4,1,0
BRDA:1,4,2,0
BRDA:1,5,0,0
BRDA:1,5,1,0
BRDA:1,6,0,0
BRDA:1,6,1,0
BRDA:1,7,0,0
BRDA:1,7,1,0
BRDA:1,8,0,0
BRDA:1,8,1,0
BRDA:1,9,0,0
BRDA:1,9,1,0
BRDA:1,10,0,0
BRDA:1,10,1,0
BRDA:1,11,0,0
BRDA:1,11,1,0
BRDA:1,11,2,0
BRDA:1,12,0,0
BRDA:1,12,1,0
BRF:28
BRH:3
end_of_record
TN:
SF:src/components/ActivityOverviewComponent.js
FN:8,_interopRequireDefault
FN:10,ActivityOverview
FN:20,buildItemRow
FNF:3
FNH:3
FNDA:4,_interopRequireDefault
FNDA:1,ActivityOverview
FNDA:5,buildItemRow
DA:1,2
DA:5,2
DA:6,2
DA:7,2
DA:8,4
DA:10,2
DA:20,1
DA:21,5
DA:34,1
DA:79,2
DA:110,2
LF:11
LH:11
BRDA:8,0,0,2
BRDA:8,0,1,2
BRDA:8,1,0,4
BRDA:8,1,1,4
BRDA:24,2,0,1
BRDA:24,2,1,4
BRDA:27,3,0,1
BRDA:27,3,1,4
BRDA:37,4,0,1
BRDA:37,4,1,0
BRDA:37,5,0,1
BRDA:37,5,1,1
BRDA:44,6,0,1
BRDA:44,6,1,0
BRDA:44,7,0,1
BRDA:44,7,1,1
BRDA:50,8,0,1
BRDA:50,8,1,0
BRDA:50,9,0,1
BRDA:50,9,1,1
BRDA:57,10,0,1
BRDA:57,10,1,0
BRDA:57,11,0,1
BRDA:57,11,1,1
BRDA:63,12,0,1
BRDA:63,12,1,0
BRDA:63,13,0,1
BRDA:63,13,1,1
BRDA:69,14,0,0
BRDA:69,14,1,1
BRDA:69,15,0,1
BRDA:69,15,1,0
BRF:32
BRH:25
end_of_record
TN:
SF:src/components/AvatarComponent.js
FN:6,_interopRequireDefault
FN:15,Avatar
FNF:2
FNH:1
FNDA:1,_interopRequireDefault
FNDA:0,Avatar
DA:1,1
DA:4,1
DA:5,1
DA:6,1
DA:15,1
DA:16,0
DA:17,0
DA:19,0
DA:29,1
DA:52,1
LF:10
LH:7
BRDA:6,0,0,0
BRDA:6,0,1,1
BRDA:6,1,0,1
BRDA:6,1,1,1
BRDA:16,2,0,0
BRDA:16,2,1,0
BRDA:16,3,0,0
BRDA:16,3,1,0
BRF:8
BRH:3
end_of_record
TN:
SF:src/components/DescriptionComponent.js
FN:9,_interopRequireDefault
FN:9,_getRequireWildcardCache
FN:9,_getRequireWildcardCache
FN:9,_interopRequireWildcard
FN:9,ownKeys
FN:9,(anonymous_5)
FN:9,_objectSpread
FN:9,(anonymous_7)
FN:9,(anonymous_8)
FN:9,_defineProperty
FN:9,_slicedToArray
FN:9,_nonIterableRest
FN:9,_unsupportedIterableToArray
FN:9,_arrayLikeToArray
FN:9,_iterableToArrayLimit
FN:9,_arrayWithHoles
FN:11,Description
FN:15,(anonymous_17)
FN:25,handleIncludeExclude
FN:37,buildItem
FN:60,(anonymous_20)
FN:63,(anonymous_21)
FNF:22
FNH:7
FNDA:3,_interopRequireDefault
FNDA:1,_getRequireWildcardCache
FNDA:0,_getRequireWildcardCache
FNDA:2,_interopRequireWildcard
FNDA:2,ownKeys
FNDA:0,(anonymous_5)
FNDA:2,_objectSpread
FNDA:3,(anonymous_7)
FNDA:0,(anonymous_8)
FNDA:3,_defineProperty
FNDA:0,_slicedToArray
FNDA:0,_nonIterableRest
FNDA:0,_unsupportedIterableToArray
FNDA:0,_arrayLikeToArray
FNDA:0,_iterableToArrayLimit
FNDA:0,_arrayWithHoles
FNDA:0,Description
FNDA:0,(anonymous_17)
FNDA:0,handleIncludeExclude
FNDA:0,buildItem
FNDA:0,(anonymous_20)
FNDA:0,(anonymous_21)
DA:1,1
DA:4,1
DA:5,1
DA:6,1
DA:7,1
DA:8,1
DA:9,28
DA:11,1
DA:12,0
DA:13,0
DA:15,0
DA:16,0
DA:25,0
DA:26,0
DA:27,0
DA:37,0
DA:38,0
DA:50,0
DA:61,0
DA:64,0
DA:70,1
DA:93,1
LF:22
LH:10
BRDA:9,0,0,3
BRDA:9,0,1,0
BRDA:9,1,0,3
BRDA:9,1,1,3
BRDA:9,2,0,0
BRDA:9,2,1,1
BRDA:9,3,0,1
BRDA:9,3,1,1
BRDA:9,4,0,2
BRDA:9,4,1,2
BRDA:9,5,0,0
BRDA:9,5,1,1
BRDA:9,6,0,1
BRDA:9,6,1,1
BRDA:9,6,2,0
BRDA:9,7,0,0
BRDA:9,7,1,1
BRDA:9,8,0,1
BRDA:9,8,1,1
BRDA:9,9,0,1
BRDA:9,9,1,1
BRDA:9,10,0,28
BRDA:9,10,1,0
BRDA:9,11,0,28
BRDA:9,11,1,0
BRDA:9,12,0,0
BRDA:9,12,1,28
BRDA:9,13,0,28
BRDA:9,13,1,28
BRDA:9,13,2,28
BRDA:9,14,0,1
BRDA:9,14,1,0
BRDA:9,15,0,2
BRDA:9,15,1,0
BRDA:9,16,0,2
BRDA:9,16,1,0
BRDA:9,17,0,3
BRDA:9,17,1,0
BRDA:9,18,0,2
BRDA:9,18,1,1
BRDA:9,19,0,1
BRDA:9,19,1,0
BRDA:9,20,0,0
BRDA:9,20,1,3
BRDA:9,21,0,0
BRDA:9,21,1,0
BRDA:9,21,2,0
BRDA:9,21,3,0
BRDA:9,22,0,0
BRDA:9,22,1,0
BRDA:9,23,0,0
BRDA:9,23,1,0
BRDA:9,24,0,0
BRDA:9,24,1,0
BRDA:9,25,0,0
BRDA:9,25,1,0
BRDA:9,26,0,0
BRDA:9,26,1,0
BRDA:9,27,0,0
BRDA:9,27,1,0
BRDA:9,28,0,0
BRDA:9,28,1,0
BRDA:9,29,0,0
BRDA:9,29,1,0
BRDA:9,30,0,0
BRDA:9,30,1,0
BRDA:9,31,0,0
BRDA:9,31,1,0
BRDA:9,32,0,0
BRDA:9,32,1,0
BRDA:9,33,0,0
BRDA:9,33,1,0
BRDA:9,34,0,0
BRDA:9,34,1,0
BRDA:9,35,0,0
BRDA:9,35,1,0
BRDA:9,36,0,0
BRDA:9,36,1,0
BRDA:9,37,0,0
BRDA:9,37,1,0
BRDA:9,38,0,0
BRDA:9,38,1,0
BRDA:9,39,0,0
BRDA:9,39,1,0
BRDA:40,40,0,0
BRDA:40,40,1,0
BRF:86
BRH:30
end_of_record
TN:
SF:src/components/LineComponent.js
FN:6,_interopRequireDefault
FN:8,Line
FNF:2
FNH:1
FNDA:2,_interopRequireDefault
FNDA:0,Line
DA:1,1
DA:4,1
DA:5,1
DA:6,2
DA:8,1
DA:9,0
DA:12,1
LF:7
LH:6
BRDA:6,0,0,1
BRDA:6,0,1,1
BRDA:6,1,0,2
BRDA:6,1,1,2
BRF:4
BRH:4
end_of_record
TN:
SF:src/components/PhotoSliderComponent.js
FN:6,_getRequireWildcardCache
FN:6,_getRequireWildcardCache
FN:6,_interopRequireWildcard
FN:6,_interopRequireDefault
FN:8,PhotoSlider
FN:13,onCurrentImagePressed
FNF:6
FNH:2
FNDA:0,_getRequireWildcardCache
FNDA:0,_getRequireWildcardCache
FNDA:1,_interopRequireWildcard
FNDA:1,_interopRequireDefault
FNDA:0,PhotoSlider
FNDA:0,onCurrentImagePressed
DA:1,1
DA:4,1
DA:5,1
DA:6,1
DA:8,1
DA:9,0
DA:13,0
DA:29,1
LF:8
LH:6
BRDA:6,0,0,0
BRDA:6,0,1,0
BRDA:6,1,0,1
BRDA:6,1,1,0
BRDA:6,2,0,1
BRDA:6,2,1,1
BRDA:6,3,0,0
BRDA:6,3,1,0
BRDA:6,4,0,0
BRDA:6,4,1,0
BRDA:6,4,2,0
BRDA:6,5,0,0
BRDA:6,5,1,0
BRDA:6,6,0,0
BRDA:6,6,1,0
BRDA:6,7,0,0
BRDA:6,7,1,0
BRDA:6,8,0,0
BRDA:6,8,1,0
BRDA:6,9,0,0
BRDA:6,9,1,0
BRDA:6,10,0,0
BRDA:6,10,1,0
BRDA:6,11,0,0
BRDA:6,11,1,0
BRDA:6,11,2,0
BRDA:6,12,0,0
BRDA:6,12,1,0
BRDA:6,13,0,0
BRDA:6,13,1,1
BRDA:6,14,0,1
BRDA:6,14,1,1
BRF:32
BRH:6
end_of_record
TN:
SF:src/components/RelatedToursComponent.js
FN:9,_interopRequireDefault
FN:9,_getRequireWildcardCache
FN:9,_getRequireWildcardCache
FN:9,_interopRequireWildcard
FN:9,ownKeys
FN:9,(anonymous_5)
FN:9,_objectSpread
FN:9,(anonymous_7)
FN:9,(anonymous_8)
FN:9,_defineProperty
FN:11,RelatedTours
FN:17,(anonymous_11)
FN:22,(anonymous_12)
FN:26,getRelatedTours
FN:30,renderItem
FN:34,renderSeparator
FN:54,keyExtractor
FNF:17
FNH:7
FNDA:2,_interopRequireDefault
FNDA:1,_getRequireWildcardCache
FNDA:0,_getRequireWildcardCache
FNDA:2,_interopRequireWildcard
FNDA:2,ownKeys
FNDA:0,(anonymous_5)
FNDA:2,_objectSpread
FNDA:3,(anonymous_7)
FNDA:0,(anonymous_8)
FNDA:3,_defineProperty
FNDA:0,RelatedTours
FNDA:0,(anonymous_11)
FNDA:0,(anonymous_12)
FNDA:0,getRelatedTours
FNDA:0,renderItem
FNDA:0,renderSeparator
FNDA:0,keyExtractor
DA:1,1
DA:4,1
DA:5,1
DA:6,1
DA:7,1
DA:8,1
DA:9,28
DA:11,1
DA:12,0
DA:17,0
DA:22,0
DA:23,0
DA:26,0
DA:27,0
DA:30,0
DA:31,0
DA:34,0
DA:35,0
DA:45,0
DA:46,0
DA:54,0
DA:61,0
DA:65,1
DA:72,1
LF:24
LH:10
BRDA:9,0,0,2
BRDA:9,0,1,0
BRDA:9,1,0,2
BRDA:9,1,1,2
BRDA:9,2,0,0
BRDA:9,2,1,1
BRDA:9,3,0,1
BRDA:9,3,1,1
BRDA:9,4,0,2
BRDA:9,4,1,2
BRDA:9,5,0,0
BRDA:9,5,1,1
BRDA:9,6,0,1
BRDA:9,6,1,1
BRDA:9,6,2,0
BRDA:9,7,0,0
BRDA:9,7,1,1
BRDA:9,8,0,1
BRDA:9,8,1,1
BRDA:9,9,0,1
BRDA:9,9,1,1
BRDA:9,10,0,28
BRDA:9,10,1,0
BRDA:9,11,0,28
BRDA:9,11,1,0
BRDA:9,12,0,0
BRDA:9,12,1,28
BRDA:9,13,0,28
BRDA:9,13,1,28
BRDA:9,13,2,28
BRDA:9,14,0,1
BRDA:9,14,1,0
BRDA:9,15,0,2
BRDA:9,15,1,0
BRDA:9,16,0,2
BRDA:9,16,1,0
BRDA:9,17,0,3
BRDA:9,17,1,0
BRDA:9,18,0,2
BRDA:9,18,1,1
BRDA:9,19,0,1
BRDA:9,19,1,0
BRDA:9,20,0,0
BRDA:9,20,1,3
BRDA:18,21,0,0
BRDA:18,21,1,0
BRDA:45,22,0,0
BRDA:45,22,1,0
BRDA:45,23,0,0
BRDA:45,23,1,0
BRF:50
BRH:30
end_of_record
TN:
SF:src/components/RelatedToursListItemComponent.js
FN:6,_interopRequireDefault
FN:8,RelatedToursListItem
FNF:2
FNH:1
FNDA:1,_interopRequireDefault
FNDA:0,RelatedToursListItem
DA:1,1
DA:4,1
DA:5,1
DA:6,1
DA:8,1
DA:9,0
DA:49,1
DA:95,1
LF:8
LH:7
BRDA:6,0,0,0
BRDA:6,0,1,1
BRDA:6,1,0,1
BRDA:6,1,1,1
BRF:4
BRH:3
end_of_record
TN:
SF:src/components/ReviewComponent.js
FN:16,_getRequireWildcardCache
FN:16,_getRequireWildcardCache
FN:16,_interopRequireWildcard
FN:16,_interopRequireDefault
FN:18,Review
FN:50,keyExtractor
FN:69,renderSeparator
FN:80,renderItem
FNF:8
FNH:2
FNDA:0,_getRequireWildcardCache
FNDA:0,_getRequireWildcardCache
FNDA:1,_interopRequireWildcard
FNDA:4,_interopRequireDefault
FNDA:0,Review
FNDA:0,keyExtractor
FNDA:0,renderSeparator
FNDA:0,renderItem
DA:1,1
DA:4,1
DA:5,1
DA:13,1
DA:14,1
DA:15,1
DA:16,4
DA:18,1
DA:22,0
DA:23,0
DA:24,0
DA:25,0
DA:27,0
DA:50,0
DA:69,1
DA:70,0
DA:80,1
DA:81,0
DA:84,1
DA:108,1
LF:20
LH:12
BRDA:16,0,0,0
BRDA:16,0,1,0
BRDA:16,1,0,1
BRDA:16,1,1,0
BRDA:16,2,0,1
BRDA:16,2,1,1
BRDA:16,3,0,0
BRDA:16,3,1,0
BRDA:16,4,0,0
BRDA:16,4,1,0
BRDA:16,4,2,0
BRDA:16,5,0,0
BRDA:16,5,1,0
BRDA:16,6,0,0
BRDA:16,6,1,0
BRDA:16,7,0,0
BRDA:16,7,1,0
BRDA:16,8,0,0
BRDA:16,8,1,0
BRDA:16,9,0,0
BRDA:16,9,1,0
BRDA:16,10,0,0
BRDA:16,10,1,0
BRDA:16,11,0,0
BRDA:16,11,1,0
BRDA:16,11,2,0
BRDA:16,12,0,0
BRDA:16,12,1,0
BRDA:16,13,0,3
BRDA:16,13,1,1
BRDA:16,14,0,4
BRDA:16,14,1,4
BRDA:24,15,0,0
BRDA:24,15,1,0
BRF:34
BRH:7
end_of_record
TN:
SF:src/components/ReviewListItemComponent.js
FN:14,_interopRequireDefault
FN:14,_getRequireWildcardCache
FN:14,_getRequireWildcardCache
FN:14,_interopRequireWildcard
FN:14,_slicedToArray
FN:14,_nonIterableRest
FN:14,_unsupportedIterableToArray
FN:14,_arrayLikeToArray
FN:14,_iterableToArrayLimit
FN:14,_arrayWithHoles
FN:18,ReviewListItem
FN:25,onTextLayout
FNF:12
FNH:3
FNDA:2,_interopRequireDefault
FNDA:1,_getRequireWildcardCache
FNDA:0,_getRequireWildcardCache
FNDA:2,_interopRequireWildcard
FNDA:0,_slicedToArray
FNDA:0,_nonIterableRest
FNDA:0,_unsupportedIterableToArray
FNDA:0,_arrayLikeToArray
FNDA:0,_iterableToArrayLimit
FNDA:0,_arrayWithHoles
FNDA:0,ReviewListItem
FNDA:0,onTextLayout
DA:1,1
DA:4,1
DA:5,1
DA:12,1
DA:13,1
DA:14,28
DA:16,1
DA:18,1
DA:19,0
DA:25,0
DA:26,0
DA:27,0
DA:30,0
DA:63,1
DA:96,1
LF:15
LH:10
BRDA:14,0,0,1
BRDA:14,0,1,1
BRDA:14,1,0,2
BRDA:14,1,1,2
BRDA:14,2,0,0
BRDA:14,2,1,1
BRDA:14,3,0,1
BRDA:14,3,1,1
BRDA:14,4,0,2
BRDA:14,4,1,2
BRDA:14,5,0,0
BRDA:14,5,1,1
BRDA:14,6,0,1
BRDA:14,6,1,1
BRDA:14,6,2,0
BRDA:14,7,0,0
BRDA:14,7,1,1
BRDA:14,8,0,1
BRDA:14,8,1,1
BRDA:14,9,0,1
BRDA:14,9,1,1
BRDA:14,10,0,28
BRDA:14,10,1,0
BRDA:14,11,0,28
BRDA:14,11,1,0
BRDA:14,12,0,0
BRDA:14,12,1,28
BRDA:14,13,0,28
BRDA:14,13,1,28
BRDA:14,13,2,28
BRDA:14,14,0,1
BRDA:14,14,1,0
BRDA:14,15,0,0
BRDA:14,15,1,0
BRDA:14,15,2,0
BRDA:14,15,3,0
BRDA:14,16,0,0
BRDA:14,16,1,0
BRDA:14,17,0,0
BRDA:14,17,1,0
BRDA:14,18,0,0
BRDA:14,18,1,0
BRDA:14,19,0,0
BRDA:14,19,1,0
BRDA:14,20,0,0
BRDA:14,20,1,0
BRDA:14,21,0,0
BRDA:14,21,1,0
BRDA:14,22,0,0
BRDA:14,22,1,0
BRDA:14,23,0,0
BRDA:14,23,1,0
BRDA:14,24,0,0
BRDA:14,24,1,0
BRDA:14,25,0,0
BRDA:14,25,1,0
BRDA:14,26,0,0
BRDA:14,26,1,0
BRDA:14,27,0,0
BRDA:14,27,1,0
BRDA:14,28,0,0
BRDA:14,28,1,0
BRDA:14,29,0,0
BRDA:14,29,1,0
BRDA:14,30,0,0
BRDA:14,30,1,0
BRDA:14,31,0,0
BRDA:14,31,1,0
BRDA:14,32,0,0
BRDA:14,32,1,0
BRDA:14,33,0,0
BRDA:14,33,1,0
BRDA:51,34,0,0
BRDA:51,34,1,0
BRF:74
BRH:24
end_of_record
TN:
SF:src/components/ThingsToDoComponent.js
FN:6,_interopRequireDefault
FN:8,ThingsToDo
FNF:2
FNH:1
FNDA:2,_interopRequireDefault
FNDA:0,ThingsToDo
DA:1,1
DA:4,1
DA:5,1
DA:6,2
DA:8,1
DA:9,0
DA:17,1
DA:28,1
LF:8
LH:7
BRDA:6,0,0,1
BRDA:6,0,1,1
BRDA:6,1,0,2
BRDA:6,1,1,2
BRF:4
BRH:4
end_of_record
TN:
SF:src/components/TopBar.js
FN:5,_interopRequireDefault
FN:7,TopBar
FNF:2
FNH:1
FNDA:1,_interopRequireDefault
FNDA:0,TopBar
DA:1,1
DA:4,1
DA:5,1
DA:7,1
DA:8,0
DA:27,1
DA:38,1
LF:7
LH:6
BRDA:5,0,0,0
BRDA:5,0,1,1
BRDA:5,1,0,1
BRDA:5,1,1,1
BRF:4
BRH:3
end_of_record
TN:
SF:src/network/api.js
FN:2,_interopRequireDefault
FN:2,_getRequireWildcardCache
FN:2,_getRequireWildcardCache
FN:2,_interopRequireWildcard
FN:4,getTourDetail
FN:6,(anonymous_5)
FN:10,(anonymous_6)
FN:11,(anonymous_7)
FN:22,(anonymous_8)
FN:25,(anonymous_9)
FN:31,getRelatedTours
FN:34,(anonymous_11)
FN:37,(anonymous_12)
FN:38,(anonymous_13)
FN:49,(anonymous_14)
FNF:15
FNH:4
FNDA:1,_interopRequireDefault
FNDA:0,_getRequireWildcardCache
FNDA:0,_getRequireWildcardCache
FNDA:1,_interopRequireWildcard
FNDA:11,getTourDetail
FNDA:11,(anonymous_5)
FNDA:0,(anonymous_6)
FNDA:0,(anonymous_7)
FNDA:0,(anonymous_8)
FNDA:0,(anonymous_9)
FNDA:0,getRelatedTours
FNDA:0,(anonymous_11)
FNDA:0,(anonymous_12)
FNDA:0,(anonymous_13)
FNDA:0,(anonymous_14)
DA:1,1
DA:2,1
DA:4,1
DA:5,11
DA:6,11
DA:7,11
DA:8,11
DA:10,0
DA:12,0
DA:13,0
DA:15,0
DA:23,0
DA:26,0
DA:29,1
DA:31,1
DA:33,0
DA:34,0
DA:35,0
DA:37,0
DA:39,0
DA:40,0
DA:42,0
DA:50,0
DA:53,1
LF:24
LH:10
BRDA:2,0,0,0
BRDA:2,0,1,1
BRDA:2,1,0,1
BRDA:2,1,1,1
BRDA:2,2,0,0
BRDA:2,2,1,0
BRDA:2,3,0,1
BRDA:2,3,1,0
BRDA:2,4,0,1
BRDA:2,4,1,1
BRDA:2,5,0,0
BRDA:2,5,1,0
BRDA:2,6,0,0
BRDA:2,6,1,0
BRDA:2,6,2,0
BRDA:2,7,0,0
BRDA:2,7,1,0
BRDA:2,8,0,0
BRDA:2,8,1,0
BRDA:2,9,0,0
BRDA:2,9,1,0
BRDA:2,10,0,0
BRDA:2,10,1,0
BRDA:2,11,0,0
BRDA:2,11,1,0
BRDA:2,12,0,0
BRDA:2,12,1,0
BRDA:2,13,0,0
BRDA:2,13,1,0
BRDA:2,13,2,0
BRDA:2,14,0,0
BRDA:2,14,1,0
BRDA:12,15,0,0
BRDA:12,15,1,0
BRDA:39,16,0,0
BRDA:39,16,1,0
BRF:36
BRH:6
end_of_record
TN:
SF:src/styles/colors.js
FNF:0
FNH:0
DA:1,2
DA:2,2
DA:3,2
LF:3
LH:3
BRF:0
BRH:0
end_of_record
TN:
SF:src/styles/commonStyles.js
FN:2,_getRequireWildcardCache
FN:2,_getRequireWildcardCache
FN:2,_interopRequireWildcard
FNF:3
FNH:1
FNDA:0,_getRequireWildcardCache
FNDA:0,_getRequireWildcardCache
FNDA:2,_interopRequireWildcard
DA:1,2
DA:2,2
DA:4,2
DA:26,2
LF:4
LH:4
BRDA:2,0,0,0
BRDA:2,0,1,0
BRDA:2,1,0,2
BRDA:2,1,1,0
BRDA:2,2,0,2
BRDA:2,2,1,2
BRDA:2,3,0,0
BRDA:2,3,1,0
BRDA:2,4,0,0
BRDA:2,4,1,0
BRDA:2,4,2,0
BRDA:2,5,0,0
BRDA:2,5,1,0
BRDA:2,6,0,0
BRDA:2,6,1,0
BRDA:2,7,0,0
BRDA:2,7,1,0
BRDA:2,8,0,0
BRDA:2,8,1,0
BRDA:2,9,0,0
BRDA:2,9,1,0
BRDA:2,10,0,0
BRDA:2,10,1,0
BRDA:2,11,0,0
BRDA:2,11,1,0
BRDA:2,11,2,0
BRDA:2,12,0,0
BRDA:2,12,1,0
BRF:28
BRH:3
end_of_record
